mode: set
github.com/luxfi/crypto/cache/lru.go:27.55,28.15 1 0
github.com/luxfi/crypto/cache/lru.go:28.15,30.3 1 0
github.com/luxfi/crypto/cache/lru.go:31.2,35.3 1 0
github.com/luxfi/crypto/cache/lru.go:39.41,44.34 3 0
github.com/luxfi/crypto/cache/lru.go:44.34,49.3 3 0
github.com/luxfi/crypto/cache/lru.go:52.2,56.31 3 0
github.com/luxfi/crypto/cache/lru.go:56.31,58.20 2 0
github.com/luxfi/crypto/cache/lru.go:58.20,61.4 2 0
github.com/luxfi/crypto/cache/lru.go:66.42,72.9 5 0
github.com/luxfi/crypto/cache/lru.go:72.9,74.3 1 0
github.com/luxfi/crypto/cache/lru.go:77.2,78.46 2 0
github.com/luxfi/crypto/cache/lru.go:82.34,86.34 3 0
github.com/luxfi/crypto/cache/lru.go:86.34,89.3 2 0
github.com/luxfi/crypto/cache/lru.go:93.29,99.2 4 0
github.com/luxfi/crypto/cache/lru.go:102.31,107.2 3 0
github.com/luxfi/crypto/bn256/bn256_fast.go:24.42,26.2 1 0
github.com/luxfi/crypto/bls12381/bls12381_blst.go:44.40,46.42 2 0
github.com/luxfi/crypto/bls12381/bls12381_blst.go:46.42,48.3 1 0
github.com/luxfi/crypto/bls12381/bls12381_blst.go:49.2,49.33 1 0
github.com/luxfi/crypto/bls12381/bls12381_blst.go:53.59,54.20 1 0
github.com/luxfi/crypto/bls12381/bls12381_blst.go:54.20,56.3 1 0
github.com/luxfi/crypto/bls12381/bls12381_blst.go:57.2,58.36 2 0
github.com/luxfi/crypto/bls12381/bls12381_blst.go:62.48,63.35 1 0
github.com/luxfi/crypto/bls12381/bls12381_blst.go:63.35,65.3 1 0
github.com/luxfi/crypto/bls12381/bls12381_blst.go:66.2,68.30 3 0
github.com/luxfi/crypto/bls12381/bls12381_blst.go:72.75,73.35 1 0
github.com/luxfi/crypto/bls12381/bls12381_blst.go:73.35,75.3 1 0
github.com/luxfi/crypto/bls12381/bls12381_blst.go:76.2,76.16 1 0
github.com/luxfi/crypto/bls12381/bls12381_blst.go:76.16,78.3 1 0
github.com/luxfi/crypto/bls12381/bls12381_blst.go:80.2,82.36 3 0
github.com/luxfi/crypto/bls12381/bls12381_blst.go:86.84,87.80 1 0
github.com/luxfi/crypto/bls12381/bls12381_blst.go:87.80,89.3 1 0
github.com/luxfi/crypto/bls12381/bls12381_blst.go:90.2,90.16 1 0
github.com/luxfi/crypto/bls12381/bls12381_blst.go:90.16,92.3 1 0
github.com/luxfi/crypto/bls12381/bls12381_blst.go:94.2,94.67 1 0
github.com/luxfi/crypto/bls12381/bls12381_blst.go:98.103,99.69 1 0
github.com/luxfi/crypto/bls12381/bls12381_blst.go:99.69,101.3 1 0
github.com/luxfi/crypto/bls12381/bls12381_blst.go:102.2,102.16 1 0
github.com/luxfi/crypto/bls12381/bls12381_blst.go:102.16,104.3 1 0
github.com/luxfi/crypto/bls12381/bls12381_blst.go:107.2,108.29 2 0
github.com/luxfi/crypto/bls12381/bls12381_blst.go:108.29,109.35 1 0
github.com/luxfi/crypto/bls12381/bls12381_blst.go:109.35,111.4 1 0
github.com/luxfi/crypto/bls12381/bls12381_blst.go:112.3,112.28 1 0
github.com/luxfi/crypto/bls12381/bls12381_blst.go:115.2,115.77 1 0
github.com/luxfi/crypto/bls12381/bls12381_blst.go:119.102,120.76 1 0
github.com/luxfi/crypto/bls12381/bls12381_blst.go:120.76,122.3 1 0
github.com/luxfi/crypto/bls12381/bls12381_blst.go:123.2,123.16 1 0
github.com/luxfi/crypto/bls12381/bls12381_blst.go:123.16,125.3 1 0
github.com/luxfi/crypto/bls12381/bls12381_blst.go:128.2,129.29 2 0
github.com/luxfi/crypto/bls12381/bls12381_blst.go:129.29,130.35 1 0
github.com/luxfi/crypto/bls12381/bls12381_blst.go:130.35,132.4 1 0
github.com/luxfi/crypto/bls12381/bls12381_blst.go:133.3,133.28 1 0
github.com/luxfi/crypto/bls12381/bls12381_blst.go:136.2,136.80 1 0
github.com/luxfi/crypto/bls12381/bls12381_blst.go:140.74,141.23 1 0
github.com/luxfi/crypto/bls12381/bls12381_blst.go:141.23,143.3 1 0
github.com/luxfi/crypto/bls12381/bls12381_blst.go:146.2,146.50 1 0
github.com/luxfi/crypto/bls12381/bls12381_blst.go:146.50,148.3 1 0
github.com/luxfi/crypto/bls12381/bls12381_blst.go:150.2,154.36 3 0
github.com/luxfi/crypto/bls12381/bls12381_blst.go:154.36,155.51 1 0
github.com/luxfi/crypto/bls12381/bls12381_blst.go:155.51,157.4 1 0
github.com/luxfi/crypto/bls12381/bls12381_blst.go:158.3,158.34 1 0
github.com/luxfi/crypto/bls12381/bls12381_blst.go:161.2,162.48 2 0
github.com/luxfi/crypto/bls12381/bls12381_blst.go:166.80,167.26 1 0
github.com/luxfi/crypto/bls12381/bls12381_blst.go:167.26,169.3 1 0
github.com/luxfi/crypto/bls12381/bls12381_blst.go:172.2,172.56 1 0
github.com/luxfi/crypto/bls12381/bls12381_blst.go:172.56,174.3 1 0
github.com/luxfi/crypto/bls12381/bls12381_blst.go:176.2,180.39 3 0
github.com/luxfi/crypto/bls12381/bls12381_blst.go:180.39,181.57 1 0
github.com/luxfi/crypto/bls12381/bls12381_blst.go:181.57,183.4 1 0
github.com/luxfi/crypto/bls12381/bls12381_blst.go:184.3,184.37 1 0
github.com/luxfi/crypto/bls12381/bls12381_blst.go:187.2,188.48 2 0
github.com/luxfi/crypto/bls12381/bls12381_blst.go:194.41,195.34 1 0
github.com/luxfi/crypto/bls12381/bls12381_blst.go:195.34,197.3 1 0
github.com/luxfi/crypto/bls12381/bls12381_blst.go:198.2,198.28 1 0
github.com/luxfi/crypto/bls12381/bls12381_blst.go:202.53,205.15 3 0
github.com/luxfi/crypto/bls12381/bls12381_blst.go:205.15,207.3 1 0
github.com/luxfi/crypto/bls12381/bls12381_blst.go:208.2,208.19 1 0
github.com/luxfi/crypto/bls12381/bls12381_blst.go:208.19,210.3 1 0
github.com/luxfi/crypto/bls12381/bls12381_blst.go:211.2,212.12 2 0
github.com/luxfi/crypto/bls12381/bls12381_blst.go:216.42,217.36 1 0
github.com/luxfi/crypto/bls12381/bls12381_blst.go:217.36,219.3 1 0
github.com/luxfi/crypto/bls12381/bls12381_blst.go:220.2,220.29 1 0
github.com/luxfi/crypto/bls12381/bls12381_blst.go:224.54,227.15 3 0
github.com/luxfi/crypto/bls12381/bls12381_blst.go:227.15,229.3 1 0
github.com/luxfi/crypto/bls12381/bls12381_blst.go:230.2,230.19 1 0
github.com/luxfi/crypto/bls12381/bls12381_blst.go:230.19,232.3 1 0
github.com/luxfi/crypto/bls12381/bls12381_blst.go:233.2,234.12 2 0
github.com/luxfi/crypto/bls12381/bls12381_blst.go:238.41,239.35 1 0
github.com/luxfi/crypto/bls12381/bls12381_blst.go:239.35,241.3 1 0
github.com/luxfi/crypto/bls12381/bls12381_blst.go:242.2,242.30 1 0
github.com/luxfi/crypto/bls12381/bls12381_blst.go:246.53,247.21 1 0
github.com/luxfi/crypto/bls12381/bls12381_blst.go:247.21,249.3 1 0
github.com/luxfi/crypto/bls12381/bls12381_blst.go:250.2,253.12 4 0
github.com/luxfi/crypto/bls12381/bls12381_blst.go:259.101,260.70 1 0
github.com/luxfi/crypto/bls12381/bls12381_blst.go:260.70,262.3 1 0
github.com/luxfi/crypto/bls12381/bls12381_blst.go:263.2,263.23 1 0
github.com/luxfi/crypto/bls12381/bls12381_blst.go:263.23,265.3 1 0
github.com/luxfi/crypto/bls12381/bls12381_blst.go:266.2,266.16 1 0
github.com/luxfi/crypto/bls12381/bls12381_blst.go:266.16,268.3 1 0
github.com/luxfi/crypto/bls12381/bls12381_blst.go:272.2,272.25 1 0
github.com/luxfi/crypto/bls12381/bls12381_blst.go:272.25,273.58 1 0
github.com/luxfi/crypto/bls12381/bls12381_blst.go:273.58,275.4 1 0
github.com/luxfi/crypto/bls12381/bls12381_blst.go:278.2,278.13 1 0
github.com/luxfi/crypto/bls12381/bls12381_blst.go:284.52,286.45 2 0
github.com/luxfi/crypto/bls12381/bls12381_blst.go:286.45,288.3 1 0
github.com/luxfi/crypto/bls12381/bls12381_blst.go:289.2,289.16 1 0
github.com/luxfi/crypto/bls12381/bls12381_blst.go:293.52,295.46 2 0
github.com/luxfi/crypto/bls12381/bls12381_blst.go:295.46,297.3 1 0
github.com/luxfi/crypto/bls12381/bls12381_blst.go:298.2,298.17 1 0
github.com/luxfi/crypto/bls12381/bls12381_blst.go:302.52,304.45 2 0
github.com/luxfi/crypto/bls12381/bls12381_blst.go:304.45,306.3 1 0
github.com/luxfi/crypto/bls12381/bls12381_blst.go:307.2,307.16 1 0
github.com/luxfi/crypto/bls12381/bls12381_blst.go:311.51,312.31 1 0
github.com/luxfi/crypto/bls12381/bls12381_blst.go:312.31,314.3 1 0
github.com/luxfi/crypto/bls12381/bls12381_blst.go:315.2,315.43 1 0
github.com/luxfi/crypto/bls12381/bls12381_blst.go:315.43,317.3 1 0
github.com/luxfi/crypto/bls12381/bls12381_blst.go:318.2,318.37 1 0
github.com/luxfi/crypto/bls12381/bls12381_blst.go:322.52,323.32 1 0
github.com/luxfi/crypto/bls12381/bls12381_blst.go:323.32,325.3 1 0
github.com/luxfi/crypto/bls12381/bls12381_blst.go:326.2,326.44 1 0
github.com/luxfi/crypto/bls12381/bls12381_blst.go:326.44,328.3 1 0
github.com/luxfi/crypto/bls12381/bls12381_blst.go:329.2,329.38 1 0
github.com/luxfi/crypto/common/hexutil/hexutil.go:47.36,47.54 1 0
github.com/luxfi/crypto/common/hexutil/hexutil.go:50.43,51.21 1 0
github.com/luxfi/crypto/common/hexutil/hexutil.go:51.21,53.3 1 0
github.com/luxfi/crypto/common/hexutil/hexutil.go:54.2,54.25 1 0
github.com/luxfi/crypto/common/hexutil/hexutil.go:54.25,56.3 1 0
github.com/luxfi/crypto/common/hexutil/hexutil.go:57.2,58.16 2 0
github.com/luxfi/crypto/common/hexutil/hexutil.go:58.16,60.3 1 0
github.com/luxfi/crypto/common/hexutil/hexutil.go:61.2,61.15 1 0
github.com/luxfi/crypto/common/hexutil/hexutil.go:65.38,67.16 2 0
github.com/luxfi/crypto/common/hexutil/hexutil.go:67.16,68.13 1 0
github.com/luxfi/crypto/common/hexutil/hexutil.go:70.2,70.12 1 0
github.com/luxfi/crypto/common/hexutil/hexutil.go:74.30,79.2 4 0
github.com/luxfi/crypto/common/hexutil/hexutil.go:82.49,84.16 2 0
github.com/luxfi/crypto/common/hexutil/hexutil.go:84.16,86.3 1 0
github.com/luxfi/crypto/common/hexutil/hexutil.go:87.2,88.16 2 0
github.com/luxfi/crypto/common/hexutil/hexutil.go:88.16,90.3 1 0
github.com/luxfi/crypto/common/hexutil/hexutil.go:91.2,91.17 1 0
github.com/luxfi/crypto/common/hexutil/hexutil.go:96.44,98.16 2 0
github.com/luxfi/crypto/common/hexutil/hexutil.go:98.16,99.13 1 0
github.com/luxfi/crypto/common/hexutil/hexutil.go:101.2,101.12 1 0
github.com/luxfi/crypto/common/hexutil/hexutil.go:105.36,109.2 3 0
github.com/luxfi/crypto/common/hexutil/hexutil.go:113.48,115.16 2 0
github.com/luxfi/crypto/common/hexutil/hexutil.go:115.16,117.3 1 0
github.com/luxfi/crypto/common/hexutil/hexutil.go:118.2,118.19 1 0
github.com/luxfi/crypto/common/hexutil/hexutil.go:118.19,120.3 1 0
github.com/luxfi/crypto/common/hexutil/hexutil.go:121.2,123.23 3 0
github.com/luxfi/crypto/common/hexutil/hexutil.go:123.23,125.16 2 0
github.com/luxfi/crypto/common/hexutil/hexutil.go:125.16,127.4 1 0
github.com/luxfi/crypto/common/hexutil/hexutil.go:128.3,128.35 1 0
github.com/luxfi/crypto/common/hexutil/hexutil.go:128.35,130.24 2 0
github.com/luxfi/crypto/common/hexutil/hexutil.go:130.24,132.5 1 0
github.com/luxfi/crypto/common/hexutil/hexutil.go:133.4,134.29 2 0
github.com/luxfi/crypto/common/hexutil/hexutil.go:136.3,136.14 1 0
github.com/luxfi/crypto/common/hexutil/hexutil.go:138.2,139.17 2 0
github.com/luxfi/crypto/common/hexutil/hexutil.go:144.43,146.16 2 0
github.com/luxfi/crypto/common/hexutil/hexutil.go:146.16,147.13 1 0
github.com/luxfi/crypto/common/hexutil/hexutil.go:149.2,149.12 1 0
github.com/luxfi/crypto/common/hexutil/hexutil.go:153.40,154.38 1 0
github.com/luxfi/crypto/common/hexutil/hexutil.go:154.38,156.3 1 0
github.com/luxfi/crypto/common/hexutil/hexutil.go:156.8,156.21 1 0
github.com/luxfi/crypto/common/hexutil/hexutil.go:156.21,158.3 1 0
github.com/luxfi/crypto/common/hexutil/hexutil.go:158.8,160.3 1 0
github.com/luxfi/crypto/common/hexutil/hexutil.go:164.35,166.2 1 0
github.com/luxfi/crypto/common/hexutil/hexutil.go:169.56,170.21 1 0
github.com/luxfi/crypto/common/hexutil/hexutil.go:170.21,172.3 1 0
github.com/luxfi/crypto/common/hexutil/hexutil.go:173.2,173.25 1 0
github.com/luxfi/crypto/common/hexutil/hexutil.go:173.25,175.3 1 0
github.com/luxfi/crypto/common/hexutil/hexutil.go:176.2,177.21 2 0
github.com/luxfi/crypto/common/hexutil/hexutil.go:177.21,179.3 1 0
github.com/luxfi/crypto/common/hexutil/hexutil.go:180.2,180.39 1 0
github.com/luxfi/crypto/common/hexutil/hexutil.go:180.39,182.3 1 0
github.com/luxfi/crypto/common/hexutil/hexutil.go:183.2,183.19 1 0
github.com/luxfi/crypto/common/hexutil/hexutil.go:188.35,189.9 1 0
github.com/luxfi/crypto/common/hexutil/hexutil.go:190.30,191.26 1 0
github.com/luxfi/crypto/common/hexutil/hexutil.go:192.30,193.31 1 0
github.com/luxfi/crypto/common/hexutil/hexutil.go:194.30,195.31 1 0
github.com/luxfi/crypto/common/hexutil/hexutil.go:196.10,197.19 1 0
github.com/luxfi/crypto/common/hexutil/hexutil.go:201.32,202.44 1 0
github.com/luxfi/crypto/common/hexutil/hexutil.go:202.44,203.18 1 0
github.com/luxfi/crypto/common/hexutil/hexutil.go:204.25,205.25 1 0
github.com/luxfi/crypto/common/hexutil/hexutil.go:206.26,207.20 1 0
github.com/luxfi/crypto/common/hexutil/hexutil.go:210.2,210.45 1 0
github.com/luxfi/crypto/common/hexutil/hexutil.go:210.45,212.3 1 0
github.com/luxfi/crypto/common/hexutil/hexutil.go:213.2,213.26 1 0
github.com/luxfi/crypto/common/hexutil/hexutil.go:213.26,215.3 1 0
github.com/luxfi/crypto/common/hexutil/hexutil.go:216.2,216.12 1 0
github.com/luxfi/crypto/common/hexutil/hexutil.go:224.30,226.2 1 0
github.com/luxfi/crypto/common/hexutil/hexutil.go:229.49,230.22 1 0
github.com/luxfi/crypto/common/hexutil/hexutil.go:230.22,232.3 1 0
github.com/luxfi/crypto/common/hexutil/hexutil.go:233.2,233.68 1 0
github.com/luxfi/crypto/common/hexutil/hexutil.go:237.49,239.16 2 0
github.com/luxfi/crypto/common/hexutil/hexutil.go:239.16,241.3 1 0
github.com/luxfi/crypto/common/hexutil/hexutil.go:242.2,242.19 1 0
github.com/luxfi/crypto/common/hexutil/hexutil.go:242.19,244.3 1 0
github.com/luxfi/crypto/common/hexutil/hexutil.go:245.2,247.23 3 0
github.com/luxfi/crypto/common/hexutil/hexutil.go:247.23,249.16 2 0
github.com/luxfi/crypto/common/hexutil/hexutil.go:249.16,251.4 1 0
github.com/luxfi/crypto/common/hexutil/hexutil.go:252.3,252.35 1 0
github.com/luxfi/crypto/common/hexutil/hexutil.go:252.35,254.24 2 0
github.com/luxfi/crypto/common/hexutil/hexutil.go:254.24,256.5 1 0
github.com/luxfi/crypto/common/hexutil/hexutil.go:257.4,258.29 2 0
github.com/luxfi/crypto/common/hexutil/hexutil.go:260.3,260.14 1 0
github.com/luxfi/crypto/common/hexutil/hexutil.go:262.2,263.12 2 0
github.com/luxfi/crypto/common/hexutil/hexutil.go:267.44,269.2 1 0
github.com/luxfi/crypto/common/hexutil/hexutil.go:272.31,274.2 1 0
github.com/luxfi/crypto/common/hexutil/hexutil.go:281.52,282.22 1 0
github.com/luxfi/crypto/common/hexutil/hexutil.go:282.22,284.3 1 0
github.com/luxfi/crypto/common/hexutil/hexutil.go:285.2,285.71 1 0
github.com/luxfi/crypto/common/hexutil/hexutil.go:289.52,291.16 2 0
github.com/luxfi/crypto/common/hexutil/hexutil.go:291.16,293.3 1 0
github.com/luxfi/crypto/common/hexutil/hexutil.go:294.2,294.19 1 0
github.com/luxfi/crypto/common/hexutil/hexutil.go:294.19,296.3 1 0
github.com/luxfi/crypto/common/hexutil/hexutil.go:297.2,298.27 2 0
github.com/luxfi/crypto/common/hexutil/hexutil.go:298.27,300.23 2 0
github.com/luxfi/crypto/common/hexutil/hexutil.go:300.23,302.4 1 0
github.com/luxfi/crypto/common/hexutil/hexutil.go:303.3,304.13 2 0
github.com/luxfi/crypto/common/hexutil/hexutil.go:306.2,307.12 2 0
github.com/luxfi/crypto/common/hexutil/hexutil.go:311.47,313.2 1 0
github.com/luxfi/crypto/common/hexutil/hexutil.go:316.33,318.2 1 0
github.com/luxfi/crypto/common/hexutil/hexutil.go:325.50,326.22 1 0
github.com/luxfi/crypto/common/hexutil/hexutil.go:326.22,328.3 1 0
github.com/luxfi/crypto/common/hexutil/hexutil.go:329.2,329.69 1 0
github.com/luxfi/crypto/common/hexutil/hexutil.go:333.50,335.16 2 0
github.com/luxfi/crypto/common/hexutil/hexutil.go:335.16,337.3 1 0
github.com/luxfi/crypto/common/hexutil/hexutil.go:338.2,338.21 1 0
github.com/luxfi/crypto/common/hexutil/hexutil.go:338.21,340.3 1 0
github.com/luxfi/crypto/common/hexutil/hexutil.go:341.2,342.27 2 0
github.com/luxfi/crypto/common/hexutil/hexutil.go:342.27,344.23 2 0
github.com/luxfi/crypto/common/hexutil/hexutil.go:344.23,346.4 1 0
github.com/luxfi/crypto/common/hexutil/hexutil.go:347.3,348.19 2 0
github.com/luxfi/crypto/common/hexutil/hexutil.go:350.2,351.12 2 0
github.com/luxfi/crypto/common/hexutil/hexutil.go:355.45,357.2 1 0
github.com/luxfi/crypto/common/hexutil/hexutil.go:360.31,362.2 1 0
github.com/luxfi/crypto/common/hexutil/hexutil.go:369.46,374.2 4 0
github.com/luxfi/crypto/common/hexutil/hexutil.go:377.51,378.22 1 0
github.com/luxfi/crypto/common/hexutil/hexutil.go:378.22,380.3 1 0
github.com/luxfi/crypto/common/hexutil/hexutil.go:381.2,381.70 1 0
github.com/luxfi/crypto/common/hexutil/hexutil.go:385.51,387.16 2 0
github.com/luxfi/crypto/common/hexutil/hexutil.go:387.16,389.3 1 0
github.com/luxfi/crypto/common/hexutil/hexutil.go:390.2,391.47 2 0
github.com/luxfi/crypto/common/hexutil/hexutil.go:391.47,393.3 1 0
github.com/luxfi/crypto/common/hexutil/hexutil.go:393.8,395.3 1 0
github.com/luxfi/crypto/common/hexutil/hexutil.go:396.2,396.12 1 0
github.com/luxfi/crypto/common/hexutil/hexutil.go:400.32,402.2 1 0
github.com/luxfi/crypto/common/hexutil/hexutil.go:407.68,408.22 1 0
github.com/luxfi/crypto/common/hexutil/hexutil.go:408.22,410.3 1 0
github.com/luxfi/crypto/common/hexutil/hexutil.go:411.2,411.89 1 0
github.com/luxfi/crypto/common/hexutil/hexutil.go:417.66,419.16 2 0
github.com/luxfi/crypto/common/hexutil/hexutil.go:419.16,421.3 1 0
github.com/luxfi/crypto/common/hexutil/hexutil.go:422.2,422.28 1 0
github.com/luxfi/crypto/common/hexutil/hexutil.go:422.28,424.3 1 0
github.com/luxfi/crypto/common/hexutil/hexutil.go:426.2,426.24 1 0
github.com/luxfi/crypto/common/hexutil/hexutil.go:426.24,427.35 1 0
github.com/luxfi/crypto/common/hexutil/hexutil.go:427.35,429.4 1 0
github.com/luxfi/crypto/common/hexutil/hexutil.go:431.2,432.12 2 0
github.com/luxfi/crypto/common/hexutil/hexutil.go:438.76,440.16 2 0
github.com/luxfi/crypto/common/hexutil/hexutil.go:440.16,442.3 1 0
github.com/luxfi/crypto/common/hexutil/hexutil.go:443.2,443.28 1 0
github.com/luxfi/crypto/common/hexutil/hexutil.go:443.28,445.3 1 0
github.com/luxfi/crypto/common/hexutil/hexutil.go:447.2,447.24 1 0
github.com/luxfi/crypto/common/hexutil/hexutil.go:447.24,448.35 1 0
github.com/luxfi/crypto/common/hexutil/hexutil.go:448.35,450.4 1 0
github.com/luxfi/crypto/common/hexutil/hexutil.go:452.2,453.12 2 0
github.com/luxfi/crypto/common/hexutil/hexutil.go:457.41,459.9 2 0
github.com/luxfi/crypto/common/hexutil/hexutil.go:459.9,460.41 1 0
github.com/luxfi/crypto/common/hexutil/hexutil.go:462.2,462.22 1 0
github.com/luxfi/crypto/common/hexutil/hexutil.go:462.22,463.40 1 0
github.com/luxfi/crypto/common/hexutil/hexutil.go:465.2,465.10 1 0
github.com/luxfi/crypto/common/hexutil/hexutil.go:470.34,472.2 1 0
github.com/luxfi/crypto/common/hexutil/hexutil.go:474.43,476.2 1 0
github.com/luxfi/crypto/common/hexutil/hexutil.go:478.55,479.34 1 0
github.com/luxfi/crypto/common/hexutil/hexutil.go:479.34,481.3 1 0
github.com/luxfi/crypto/common/hexutil/hexutil.go:482.2,482.12 1 0
github.com/luxfi/crypto/common/hexutil/hexutil.go:485.60,486.21 1 0
github.com/luxfi/crypto/common/hexutil/hexutil.go:486.21,488.3 1 0
github.com/luxfi/crypto/common/hexutil/hexutil.go:489.2,489.31 1 0
github.com/luxfi/crypto/common/hexutil/hexutil.go:489.31,491.3 1 0
github.com/luxfi/crypto/common/hexutil/hexutil.go:492.2,493.21 2 0
github.com/luxfi/crypto/common/hexutil/hexutil.go:493.21,495.3 1 0
github.com/luxfi/crypto/common/hexutil/hexutil.go:496.2,496.39 1 0
github.com/luxfi/crypto/common/hexutil/hexutil.go:496.39,498.3 1 0
github.com/luxfi/crypto/common/hexutil/hexutil.go:499.2,499.19 1 0
github.com/luxfi/crypto/common/hexutil/hexutil.go:502.43,504.2 1 0
github.com/luxfi/crypto/common/hexutil/hexutil.go:506.63,507.21 1 0
github.com/luxfi/crypto/common/hexutil/hexutil.go:507.21,509.3 1 0
github.com/luxfi/crypto/common/hexutil/hexutil.go:510.2,510.30 1 0
github.com/luxfi/crypto/common/hexutil/hexutil.go:510.30,512.3 1 0
github.com/luxfi/crypto/common/hexutil/hexutil.go:512.8,512.23 1 0
github.com/luxfi/crypto/common/hexutil/hexutil.go:512.23,514.3 1 0
github.com/luxfi/crypto/common/hexutil/hexutil.go:515.2,515.23 1 0
github.com/luxfi/crypto/common/hexutil/hexutil.go:515.23,517.3 1 0
github.com/luxfi/crypto/common/hexutil/hexutil.go:518.2,518.19 1 0
github.com/luxfi/crypto/common/hash.go:21.38,22.11 1 0
github.com/luxfi/crypto/common/hash.go:23.18,24.22 1 0
github.com/luxfi/crypto/common/hash.go:25.10,26.22 1 0
github.com/luxfi/crypto/common/hash.go:31.65,38.48 6 0
github.com/luxfi/crypto/common/hash.go:38.48,45.22 6 0
github.com/luxfi/crypto/common/hash.go:45.22,47.4 1 0
github.com/luxfi/crypto/common/hash.go:48.3,49.19 2 0
github.com/luxfi/crypto/common/hash.go:52.2,52.15 1 0
github.com/luxfi/crypto/common/hash.go:56.45,62.44 5 0
github.com/luxfi/crypto/common/hash.go:62.44,64.22 2 0
github.com/luxfi/crypto/common/hash.go:64.22,66.4 1 0
github.com/luxfi/crypto/common/hash.go:67.3,68.22 2 0
github.com/luxfi/crypto/common/hash.go:68.22,72.4 3 0
github.com/luxfi/crypto/common/hash.go:75.2,75.15 1 0
github.com/luxfi/crypto/common/hash.go:79.38,80.22 1 0
github.com/luxfi/crypto/common/hash.go:80.22,82.3 1 0
github.com/luxfi/crypto/common/hash.go:84.2,85.19 2 0
github.com/luxfi/crypto/common/hash.go:85.19,87.3 1 0
github.com/luxfi/crypto/common/hash.go:88.2,88.20 1 0
github.com/luxfi/crypto/common/hash.go:92.27,93.19 1 0
github.com/luxfi/crypto/common/hash.go:93.19,95.3 1 0
github.com/luxfi/crypto/common/types.go:52.33,56.2 3 0
github.com/luxfi/crypto/common/types.go:60.33,60.66 1 0
github.com/luxfi/crypto/common/types.go:64.31,64.65 1 0
github.com/luxfi/crypto/common/types.go:67.30,67.45 1 0
github.com/luxfi/crypto/common/types.go:70.30,70.68 1 0
github.com/luxfi/crypto/common/types.go:73.28,73.62 1 0
github.com/luxfi/crypto/common/types.go:77.31,79.2 1 0
github.com/luxfi/crypto/common/types.go:83.35,84.21 1 0
github.com/luxfi/crypto/common/types.go:84.21,86.3 1 0
github.com/luxfi/crypto/common/types.go:88.2,88.32 1 0
github.com/luxfi/crypto/common/types.go:92.63,94.34 2 0
github.com/luxfi/crypto/common/types.go:94.34,96.3 1 0
github.com/luxfi/crypto/common/types.go:97.2,97.10 1 0
github.com/luxfi/crypto/common/types.go:101.44,103.9 2 0
github.com/luxfi/crypto/common/types.go:103.9,105.3 1 0
github.com/luxfi/crypto/common/types.go:106.2,106.29 1 0
github.com/luxfi/crypto/common/types.go:106.29,108.3 1 0
github.com/luxfi/crypto/common/types.go:109.2,110.12 2 0
github.com/luxfi/crypto/common/types.go:114.45,116.2 1 0
github.com/luxfi/crypto/common/types.go:119.50,121.2 1 0
github.com/luxfi/crypto/common/types.go:124.50,126.2 1 0
github.com/luxfi/crypto/common/types.go:129.45,131.2 1 0
github.com/luxfi/crypto/common/types.go:134.43,136.2 1 0
github.com/luxfi/crypto/common/types.go:143.39,147.2 3 0
github.com/luxfi/crypto/common/types.go:151.39,151.75 1 0
github.com/luxfi/crypto/common/types.go:155.37,155.74 1 0
github.com/luxfi/crypto/common/types.go:159.34,160.20 1 0
github.com/luxfi/crypto/common/types.go:160.20,162.3 1 0
github.com/luxfi/crypto/common/types.go:163.2,163.46 1 0
github.com/luxfi/crypto/common/types.go:167.33,167.48 1 0
github.com/luxfi/crypto/common/types.go:170.33,170.71 1 0
github.com/luxfi/crypto/common/types.go:173.31,175.2 1 0
github.com/luxfi/crypto/common/types.go:178.34,180.2 1 0
github.com/luxfi/crypto/common/types.go:182.40,187.32 3 0
github.com/luxfi/crypto/common/types.go:187.32,189.15 2 0
github.com/luxfi/crypto/common/types.go:189.15,191.4 1 0
github.com/luxfi/crypto/common/types.go:191.9,193.4 1 0
github.com/luxfi/crypto/common/types.go:194.3,194.35 1 0
github.com/luxfi/crypto/common/types.go:194.35,196.4 1 0
github.com/luxfi/crypto/common/types.go:198.2,198.12 1 0
github.com/luxfi/crypto/common/types.go:201.31,206.2 4 0
github.com/luxfi/crypto/common/types.go:210.38,211.21 1 0
github.com/luxfi/crypto/common/types.go:211.21,213.3 1 0
github.com/luxfi/crypto/common/types.go:214.2,214.35 1 0
github.com/luxfi/crypto/common/types.go:218.48,220.2 1 0
github.com/luxfi/crypto/common/types.go:223.53,225.2 1 0
github.com/luxfi/crypto/common/types.go:228.53,230.2 1 0
github.com/luxfi/crypto/common/types.go:233.47,235.9 2 0
github.com/luxfi/crypto/common/types.go:235.9,237.3 1 0
github.com/luxfi/crypto/common/types.go:238.2,238.32 1 0
github.com/luxfi/crypto/common/types.go:238.32,240.3 1 0
github.com/luxfi/crypto/common/types.go:241.2,242.12 2 0
github.com/luxfi/crypto/common/types.go:246.48,248.2 1 0
github.com/luxfi/crypto/common/types.go:251.46,253.2 1 0
github.com/luxfi/crypto/common/types.go:256.30,256.58 1 0
github.com/luxfi/crypto/common/types.go:259.37,261.2 1 0
github.com/luxfi/crypto/common/types.go:265.35,267.2 1 0
github.com/luxfi/crypto/common/types.go:269.29,270.21 1 0
github.com/luxfi/crypto/common/types.go:270.21,272.3 1 0
github.com/luxfi/crypto/common/types.go:273.2,273.32 1 0
github.com/luxfi/crypto/common/types.go:273.32,274.25 1 0
github.com/luxfi/crypto/common/types.go:274.25,276.4 1 0
github.com/luxfi/crypto/common/types.go:278.2,278.13 1 0
github.com/luxfi/crypto/common/types.go:281.34,283.2 1 0
github.com/luxfi/crypto/common/types.go:287.31,288.20 1 0
github.com/luxfi/crypto/common/types.go:288.20,290.3 1 0
github.com/luxfi/crypto/common/types.go:291.2,291.19 1 0
github.com/luxfi/crypto/common/types.go:291.19,293.3 1 0
github.com/luxfi/crypto/common/types.go:294.2,295.10 2 0
github.com/luxfi/crypto/common/types.go:299.47,300.14 1 0
github.com/luxfi/crypto/common/types.go:300.14,302.3 1 0
github.com/luxfi/crypto/common/types.go:303.2,305.8 3 0
github.com/luxfi/crypto/common/types.go:309.35,312.2 2 0
github.com/luxfi/crypto/common/types.go:315.33,317.2 1 0
github.com/luxfi/crypto/common/types.go:319.33,324.2 4 0
github.com/luxfi/crypto/common/types.go:326.41,328.2 1 0
github.com/luxfi/crypto/common/types.go:330.39,331.22 1 0
github.com/luxfi/crypto/common/types.go:331.22,334.3 2 0
github.com/luxfi/crypto/common/types.go:335.2,335.34 1 0
github.com/luxfi/crypto/common/types.go:338.45,339.69 1 0
github.com/luxfi/crypto/common/types.go:339.69,341.3 1 0
github.com/luxfi/crypto/common/types.go:342.2,343.32 2 0
github.com/luxfi/crypto/common/types.go:343.32,345.3 1 0
github.com/luxfi/crypto/common/types.go:346.2,346.21 1 0
github.com/luxfi/crypto/common/types.go:346.21,348.3 1 0
github.com/luxfi/crypto/common/types.go:349.2,350.12 2 0
github.com/luxfi/crypto/common/types.go:353.30,355.2 1 0
github.com/luxfi/crypto/common/types.go:359.44,364.2 3 0
github.com/luxfi/crypto/common/utils.go:10.49,11.30 1 0
github.com/luxfi/crypto/common/utils.go:11.30,13.3 1 0
github.com/luxfi/crypto/common/utils.go:14.2,14.12 1 0
github.com/luxfi/crypto/common/utils.go:18.49,19.17 1 0
github.com/luxfi/crypto/common/utils.go:19.17,21.3 1 0
github.com/luxfi/crypto/common/utils.go:22.2,22.12 1 0
github.com/luxfi/crypto/common/utils.go:26.68,27.51 1 0
github.com/luxfi/crypto/common/utils.go:27.51,29.3 1 0
github.com/luxfi/crypto/common/utils.go:31.2,32.52 2 0
github.com/luxfi/crypto/common/utils.go:32.52,34.3 1 0
github.com/luxfi/crypto/common/utils.go:36.2,36.19 1 0
github.com/luxfi/crypto/common/utils.go:40.44,42.29 2 0
github.com/luxfi/crypto/common/utils.go:42.29,44.3 1 0
github.com/luxfi/crypto/common/utils.go:45.2,45.28 1 0
github.com/luxfi/crypto/common/utils.go:49.56,53.29 3 0
github.com/luxfi/crypto/common/utils.go:53.29,54.32 1 0
github.com/luxfi/crypto/common/utils.go:54.32,55.52 1 0
github.com/luxfi/crypto/common/utils.go:57.3,58.17 2 0
github.com/luxfi/crypto/common/utils.go:61.2,61.17 1 0
github.com/luxfi/crypto/common/utils.go:65.54,67.25 2 0
github.com/luxfi/crypto/common/utils.go:67.25,68.40 1 0
github.com/luxfi/crypto/common/utils.go:68.40,70.4 1 0
github.com/luxfi/crypto/common/utils.go:75.52,76.22 1 0
github.com/luxfi/crypto/common/utils.go:76.22,77.41 1 0
github.com/luxfi/crypto/common/utils.go:80.2,81.24 2 0
github.com/luxfi/crypto/common/utils.go:81.24,83.3 1 0
github.com/luxfi/crypto/common/utils.go:84.2,84.15 1 0
github.com/luxfi/crypto/common/utils.go:88.74,89.30 1 0
github.com/luxfi/crypto/common/utils.go:89.30,91.3 1 0
github.com/luxfi/crypto/common/utils.go:92.2,92.12 1 0
github.com/luxfi/crypto/common/utils.go:96.38,97.25 1 0
github.com/luxfi/crypto/common/utils.go:97.25,99.3 1 0
github.com/luxfi/crypto/common/utils.go:100.2,101.12 2 0
github.com/luxfi/crypto/common/utils.go:105.65,107.2 1 0
github.com/luxfi/crypto/common/utils.go:110.45,112.2 1 0
github.com/luxfi/crypto/common/utils.go:115.56,116.51 1 0
github.com/luxfi/crypto/common/utils.go:116.51,118.3 1 0
github.com/luxfi/crypto/common/utils.go:120.2,121.12 2 0
github.com/luxfi/crypto/common/utils.go:125.24,126.11 1 0
github.com/luxfi/crypto/common/utils.go:126.11,128.3 1 0
github.com/luxfi/crypto/common/utils.go:129.2,129.10 1 0
github.com/luxfi/crypto/common/utils.go:133.24,134.11 1 0
github.com/luxfi/crypto/common/utils.go:134.11,136.3 1 0
github.com/luxfi/crypto/common/utils.go:137.2,137.10 1 0
github.com/luxfi/crypto/common/math/big.go:37.45,38.13 1 0
github.com/luxfi/crypto/common/math/big.go:38.13,40.3 1 0
github.com/luxfi/crypto/common/math/big.go:41.2,43.53 3 0
github.com/luxfi/crypto/common/math/big.go:43.53,45.3 1 0
github.com/luxfi/crypto/common/math/big.go:45.8,47.3 1 0
github.com/luxfi/crypto/common/math/big.go:48.2,48.33 1 0
github.com/luxfi/crypto/common/math/big.go:48.33,50.3 1 0
github.com/luxfi/crypto/common/math/big.go:51.2,51.19 1 0
github.com/luxfi/crypto/common/math/big.go:55.41,57.9 2 0
github.com/luxfi/crypto/common/math/big.go:57.9,58.41 1 0
github.com/luxfi/crypto/common/math/big.go:60.2,60.10 1 0
github.com/luxfi/crypto/common/math/big.go:64.34,67.2 2 0
github.com/luxfi/crypto/common/math/big.go:70.37,71.18 1 0
github.com/luxfi/crypto/common/math/big.go:71.18,73.3 1 0
github.com/luxfi/crypto/common/math/big.go:74.2,74.10 1 0
github.com/luxfi/crypto/common/math/big.go:78.37,79.18 1 0
github.com/luxfi/crypto/common/math/big.go:79.18,81.3 1 0
github.com/luxfi/crypto/common/math/big.go:82.2,82.10 1 0
github.com/luxfi/crypto/common/math/big.go:87.52,88.28 1 0
github.com/luxfi/crypto/common/math/big.go:88.28,90.3 1 0
github.com/luxfi/crypto/common/math/big.go:91.2,93.12 3 0
github.com/luxfi/crypto/common/math/big.go:98.44,100.34 2 0
github.com/luxfi/crypto/common/math/big.go:100.34,101.43 1 0
github.com/luxfi/crypto/common/math/big.go:101.43,105.4 3 0
github.com/luxfi/crypto/common/math/big.go:110.32,112.2 1 0
github.com/luxfi/crypto/common/math/big.go:116.35,118.2 1 0
github.com/luxfi/crypto/common/math/big.go:127.32,128.22 1 0
github.com/luxfi/crypto/common/math/big.go:128.22,130.3 1 0
github.com/luxfi/crypto/common/math/big.go:131.2,131.35 1 0
github.com/luxfi/crypto/common/math/big.go:135.42,138.2 2 0
github.com/luxfi/crypto/common/math/big.go:141.42,144.2 2 0
github.com/luxfi/crypto/common/math/big.go:147.42,150.2 2 0
github.com/luxfi/crypto/common/math/big.go:153.43,154.12 1 0
github.com/luxfi/crypto/common/math/big.go:154.12,156.3 1 0
github.com/luxfi/crypto/common/math/big.go:157.2,157.19 1 0
github.com/luxfi/crypto/common/math/big.go:164.51,165.20 1 0
github.com/luxfi/crypto/common/math/big.go:165.20,167.3 1 0
github.com/luxfi/crypto/common/math/big.go:168.2,168.47 1 0
github.com/luxfi/crypto/common/math/big.go:174.51,178.21 3 0
github.com/luxfi/crypto/common/math/big.go:178.21,180.3 1 0
github.com/luxfi/crypto/common/math/big.go:181.2,185.28 3 0
github.com/luxfi/crypto/common/math/big.go:193.44,197.39 3 0
github.com/luxfi/crypto/common/math/big.go:197.39,198.33 1 0
github.com/luxfi/crypto/common/math/big.go:198.33,199.19 1 0
github.com/luxfi/crypto/common/math/big.go:199.19,201.5 1 0
github.com/luxfi/crypto/common/math/big.go:202.4,203.14 2 0
github.com/luxfi/crypto/common/math/big.go:206.2,206.15 1 0
github.com/luxfi/crypto/crypto.go:57.33,61.2 3 0
github.com/luxfi/crypto/crypto.go:65.35,66.21 1 0
github.com/luxfi/crypto/crypto.go:66.21,68.3 1 0
github.com/luxfi/crypto/crypto.go:69.2,69.32 1 0
github.com/luxfi/crypto/crypto.go:73.30,73.45 1 0
github.com/luxfi/crypto/crypto.go:77.31,79.2 1 0
github.com/luxfi/crypto/crypto.go:82.28,84.2 1 0
github.com/luxfi/crypto/crypto.go:91.39,95.2 3 1
github.com/luxfi/crypto/crypto.go:99.38,100.21 1 1
github.com/luxfi/crypto/crypto.go:100.21,102.3 1 0
github.com/luxfi/crypto/crypto.go:103.2,103.35 1 1
github.com/luxfi/crypto/crypto.go:107.33,107.48 1 1
github.com/luxfi/crypto/crypto.go:110.34,112.2 1 0
github.com/luxfi/crypto/crypto.go:115.31,117.2 1 0
github.com/luxfi/crypto/crypto.go:149.35,151.2 1 1
github.com/luxfi/crypto/crypto.go:154.18,156.3 1 1
github.com/luxfi/crypto/crypto.go:160.53,165.2 4 1
github.com/luxfi/crypto/crypto.go:168.39,172.25 4 1
github.com/luxfi/crypto/crypto.go:172.25,174.3 1 1
github.com/luxfi/crypto/crypto.go:175.2,177.10 3 1
github.com/luxfi/crypto/crypto.go:182.45,185.25 3 1
github.com/luxfi/crypto/crypto.go:185.25,187.3 1 1
github.com/luxfi/crypto/crypto.go:188.2,190.10 3 1
github.com/luxfi/crypto/crypto.go:194.39,196.25 2 0
github.com/luxfi/crypto/crypto.go:196.25,198.3 1 0
github.com/luxfi/crypto/crypto.go:199.2,199.19 1 0
github.com/luxfi/crypto/crypto.go:203.37,204.55 1 1
github.com/luxfi/crypto/crypto.go:204.55,206.3 1 0
github.com/luxfi/crypto/crypto.go:207.2,207.19 1 1
github.com/luxfi/crypto/crypto.go:207.19,209.3 1 0
github.com/luxfi/crypto/crypto.go:210.2,211.26 2 1
github.com/luxfi/crypto/crypto.go:215.53,218.2 2 1
github.com/luxfi/crypto/crypto.go:222.72,224.2 1 0
github.com/luxfi/crypto/crypto.go:227.51,229.2 1 1
github.com/luxfi/crypto/crypto.go:234.48,237.2 2 0
github.com/luxfi/crypto/crypto.go:242.64,245.49 3 1
github.com/luxfi/crypto/crypto.go:245.49,247.3 1 0
github.com/luxfi/crypto/crypto.go:248.2,251.33 2 1
github.com/luxfi/crypto/crypto.go:251.33,253.3 1 1
github.com/luxfi/crypto/crypto.go:255.2,255.24 1 1
github.com/luxfi/crypto/crypto.go:255.24,257.3 1 1
github.com/luxfi/crypto/crypto.go:259.2,260.29 2 1
github.com/luxfi/crypto/crypto.go:260.29,262.3 1 0
github.com/luxfi/crypto/crypto.go:263.2,263.18 1 1
github.com/luxfi/crypto/crypto.go:267.47,268.17 1 1
github.com/luxfi/crypto/crypto.go:268.17,270.3 1 0
github.com/luxfi/crypto/crypto.go:271.2,271.56 1 1
github.com/luxfi/crypto/crypto.go:275.60,278.14 3 1
github.com/luxfi/crypto/crypto.go:278.14,280.3 1 1
github.com/luxfi/crypto/crypto.go:281.2,281.28 1 1
github.com/luxfi/crypto/crypto.go:281.28,283.3 1 0
github.com/luxfi/crypto/crypto.go:284.2,284.56 1 1
github.com/luxfi/crypto/crypto.go:290.48,291.48 1 1
github.com/luxfi/crypto/crypto.go:291.48,293.3 1 0
github.com/luxfi/crypto/crypto.go:294.2,294.53 1 1
github.com/luxfi/crypto/crypto.go:298.59,300.51 2 1
github.com/luxfi/crypto/crypto.go:300.51,302.3 1 1
github.com/luxfi/crypto/crypto.go:302.8,302.23 1 1
github.com/luxfi/crypto/crypto.go:302.23,304.3 1 0
github.com/luxfi/crypto/crypto.go:305.2,305.19 1 1
github.com/luxfi/crypto/crypto.go:309.56,311.16 2 1
github.com/luxfi/crypto/crypto.go:311.16,313.3 1 0
github.com/luxfi/crypto/crypto.go:314.2,319.33 5 1
github.com/luxfi/crypto/crypto.go:319.33,321.3 1 0
github.com/luxfi/crypto/crypto.go:321.8,321.26 1 1
github.com/luxfi/crypto/crypto.go:321.26,323.3 1 1
github.com/luxfi/crypto/crypto.go:324.2,324.43 1 1
github.com/luxfi/crypto/crypto.go:324.43,326.3 1 1
github.com/luxfi/crypto/crypto.go:328.2,328.32 1 1
github.com/luxfi/crypto/crypto.go:333.64,334.26 1 1
github.com/luxfi/crypto/crypto.go:334.26,336.10 2 1
github.com/luxfi/crypto/crypto.go:337.38,338.17 1 1
github.com/luxfi/crypto/crypto.go:339.19,340.17 1 0
github.com/luxfi/crypto/crypto.go:343.2,343.15 1 1
github.com/luxfi/crypto/crypto.go:347.45,348.20 1 1
github.com/luxfi/crypto/crypto.go:348.20,350.10 2 1
github.com/luxfi/crypto/crypto.go:351.22,352.14 1 1
github.com/luxfi/crypto/crypto.go:353.19,354.14 1 0
github.com/luxfi/crypto/crypto.go:355.31,356.67 1 1
github.com/luxfi/crypto/crypto.go:357.15,358.66 1 1
github.com/luxfi/crypto/crypto.go:365.58,368.2 2 1
github.com/luxfi/crypto/crypto.go:371.47,373.2 1 1
github.com/luxfi/crypto/crypto.go:377.74,378.40 1 1
github.com/luxfi/crypto/crypto.go:378.40,380.3 1 1
github.com/luxfi/crypto/crypto.go:383.2,383.44 1 1
github.com/luxfi/crypto/crypto.go:383.44,385.3 1 0
github.com/luxfi/crypto/crypto.go:387.2,387.77 1 1
github.com/luxfi/crypto/crypto.go:390.49,393.2 2 1
github.com/luxfi/crypto/crypto.go:397.52,398.28 1 1
github.com/luxfi/crypto/crypto.go:398.28,400.3 1 0
github.com/luxfi/crypto/crypto.go:401.2,403.12 3 1
github.com/luxfi/crypto/crypto.go:408.44,410.34 2 0
github.com/luxfi/crypto/crypto.go:410.34,411.43 1 0
github.com/luxfi/crypto/crypto.go:411.43,415.4 3 0
github.com/luxfi/crypto/crypto.go:422.30,424.2 1 1
github.com/luxfi/crypto/random.go:11.32,16.2 3 0
github.com/luxfi/crypto/signature_cgo.go:32.50,34.2 1 1
github.com/luxfi/crypto/signature_cgo.go:37.59,39.16 2 1
github.com/luxfi/crypto/signature_cgo.go:39.16,41.3 1 0
github.com/luxfi/crypto/signature_cgo.go:42.2,42.27 1 1
github.com/luxfi/crypto/signature_cgo.go:53.77,54.37 1 1
github.com/luxfi/crypto/signature_cgo.go:54.37,56.3 1 1
github.com/luxfi/crypto/signature_cgo.go:57.2,59.46 3 1
github.com/luxfi/crypto/signature_cgo.go:65.65,67.2 1 1
github.com/luxfi/crypto/signature_cgo.go:70.64,72.14 2 1
github.com/luxfi/crypto/signature_cgo.go:72.14,74.3 1 1
github.com/luxfi/crypto/signature_cgo.go:75.2,75.57 1 1
github.com/luxfi/crypto/signature_cgo.go:79.53,81.2 1 1
github.com/luxfi/crypto/signature_cgo.go:84.27,86.2 1 1
github.com/luxfi/crypto/bls/bls.go:51.41,54.16 3 1
github.com/luxfi/crypto/bls/bls.go:54.16,56.3 1 0
github.com/luxfi/crypto/bls/bls.go:58.2,59.16 2 1
github.com/luxfi/crypto/bls/bls.go:59.16,61.3 1 0
github.com/luxfi/crypto/bls/bls.go:64.2,64.21 1 1
github.com/luxfi/crypto/bls/bls.go:64.21,66.3 1 1
github.com/luxfi/crypto/bls/bls.go:68.2,68.32 1 1
github.com/luxfi/crypto/bls/bls.go:72.45,73.31 1 1
github.com/luxfi/crypto/bls/bls.go:73.31,75.3 1 0
github.com/luxfi/crypto/bls/bls.go:76.2,77.13 2 1
github.com/luxfi/crypto/bls/bls.go:82.61,84.52 2 1
github.com/luxfi/crypto/bls/bls.go:84.52,86.3 1 0
github.com/luxfi/crypto/bls/bls.go:87.2,87.32 1 1
github.com/luxfi/crypto/bls/bls.go:91.45,92.31 1 1
github.com/luxfi/crypto/bls/bls.go:92.31,94.3 1 0
github.com/luxfi/crypto/bls/bls.go:95.2,95.42 1 1
github.com/luxfi/crypto/bls/bls.go:99.50,100.31 1 1
github.com/luxfi/crypto/bls/bls.go:100.31,102.3 1 0
github.com/luxfi/crypto/bls/bls.go:103.2,104.29 2 1
github.com/luxfi/crypto/bls/bls.go:108.67,109.31 1 1
github.com/luxfi/crypto/bls/bls.go:109.31,111.3 1 0
github.com/luxfi/crypto/bls/bls.go:116.2,117.29 2 1
github.com/luxfi/crypto/bls/bls.go:122.55,123.31 1 1
github.com/luxfi/crypto/bls/bls.go:123.31,125.3 1 0
github.com/luxfi/crypto/bls/bls.go:126.2,127.13 2 1
github.com/luxfi/crypto/bls/bls.go:132.71,134.52 2 1
github.com/luxfi/crypto/bls/bls.go:134.52,136.3 1 0
github.com/luxfi/crypto/bls/bls.go:138.2,138.20 1 1
github.com/luxfi/crypto/bls/bls.go:138.20,140.3 1 0
github.com/luxfi/crypto/bls/bls.go:142.2,142.32 1 1
github.com/luxfi/crypto/bls/bls.go:147.58,149.2 1 0
github.com/luxfi/crypto/bls/bls.go:154.69,158.2 3 0
github.com/luxfi/crypto/bls/bls.go:162.64,163.19 1 1
github.com/luxfi/crypto/bls/bls.go:163.19,165.3 1 1
github.com/luxfi/crypto/bls/bls.go:168.2,169.25 2 1
github.com/luxfi/crypto/bls/bls.go:169.25,170.32 1 1
github.com/luxfi/crypto/bls/bls.go:170.32,172.4 1 0
github.com/luxfi/crypto/bls/bls.go:175.3,176.17 2 1
github.com/luxfi/crypto/bls/bls.go:176.17,178.4 1 0
github.com/luxfi/crypto/bls/bls.go:181.3,182.49 2 1
github.com/luxfi/crypto/bls/bls.go:182.49,184.4 1 0
github.com/luxfi/crypto/bls/bls.go:185.3,185.20 1 1
github.com/luxfi/crypto/bls/bls.go:189.2,190.16 2 1
github.com/luxfi/crypto/bls/bls.go:190.16,192.3 1 0
github.com/luxfi/crypto/bls/bls.go:195.2,197.58 3 1
github.com/luxfi/crypto/bls/bls.go:197.58,199.3 1 0
github.com/luxfi/crypto/bls/bls.go:201.2,201.35 1 1
github.com/luxfi/crypto/bls/bls.go:205.61,206.45 1 1
github.com/luxfi/crypto/bls/bls.go:206.45,208.3 1 0
github.com/luxfi/crypto/bls/bls.go:210.2,210.44 1 1
github.com/luxfi/crypto/bls/bls.go:214.78,218.2 1 1
github.com/luxfi/crypto/bls/bls.go:221.46,222.16 1 1
github.com/luxfi/crypto/bls/bls.go:222.16,224.3 1 0
github.com/luxfi/crypto/bls/bls.go:225.2,225.16 1 1
github.com/luxfi/crypto/bls/bls.go:230.62,231.35 1 1
github.com/luxfi/crypto/bls/bls.go:231.35,233.3 1 0
github.com/luxfi/crypto/bls/bls.go:236.2,237.29 2 1
github.com/luxfi/crypto/bls/bls.go:237.29,238.13 1 1
github.com/luxfi/crypto/bls/bls.go:238.13,240.9 2 1
github.com/luxfi/crypto/bls/bls.go:243.2,243.13 1 1
github.com/luxfi/crypto/bls/bls.go:243.13,245.3 1 0
github.com/luxfi/crypto/bls/bls.go:247.2,247.39 1 1
github.com/luxfi/crypto/bls/bls.go:252.65,253.20 1 1
github.com/luxfi/crypto/bls/bls.go:253.20,255.3 1 0
github.com/luxfi/crypto/bls/bls.go:258.2,259.27 2 1
github.com/luxfi/crypto/bls/bls.go:259.27,260.17 1 1
github.com/luxfi/crypto/bls/bls.go:260.17,262.4 1 0
github.com/luxfi/crypto/bls/bls.go:263.3,263.24 1 1
github.com/luxfi/crypto/bls/bls.go:267.2,268.16 2 1
github.com/luxfi/crypto/bls/bls.go:268.16,270.3 1 0
github.com/luxfi/crypto/bls/bls.go:272.2,272.37 1 1
github.com/luxfi/crypto/bls/bls_new.go:36.62,37.19 1 0
github.com/luxfi/crypto/bls/bls_new.go:37.19,39.3 1 0
github.com/luxfi/crypto/bls/bls_new.go:42.2,43.52 2 0
github.com/luxfi/crypto/bls/bls_new.go:43.52,45.3 1 0
github.com/luxfi/crypto/bls/bls_new.go:48.2,51.46 3 0
github.com/luxfi/crypto/bls/bls_new.go:55.57,59.2 3 0
github.com/luxfi/crypto/bls/bls_new.go:62.62,72.2 5 0
github.com/luxfi/crypto/bls/bls_new.go:75.79,85.2 5 0
github.com/luxfi/crypto/bls/bls_new.go:88.74,102.2 4 0
github.com/luxfi/crypto/bls/bls_new.go:105.91,119.2 4 0
github.com/luxfi/crypto/bls/bls_new.go:122.77,123.19 1 1
github.com/luxfi/crypto/bls/bls_new.go:123.19,125.3 1 0
github.com/luxfi/crypto/bls/bls_new.go:128.2,132.25 3 1
github.com/luxfi/crypto/bls/bls_new.go:132.25,133.16 1 1
github.com/luxfi/crypto/bls/bls_new.go:133.16,135.4 1 0
github.com/luxfi/crypto/bls/bls_new.go:136.3,136.43 1 1
github.com/luxfi/crypto/bls/bls_new.go:139.2,139.19 1 1
github.com/luxfi/crypto/bls/bls_new.go:143.78,144.20 1 0
github.com/luxfi/crypto/bls/bls_new.go:144.20,146.3 1 0
github.com/luxfi/crypto/bls/bls_new.go:149.2,153.27 3 0
github.com/luxfi/crypto/bls/bls_new.go:153.27,154.17 1 0
github.com/luxfi/crypto/bls/bls_new.go:154.17,156.4 1 0
github.com/luxfi/crypto/bls/bls_new.go:157.3,157.46 1 0
github.com/luxfi/crypto/bls/bls_new.go:160.2,160.20 1 0
github.com/luxfi/crypto/bls/bls_new.go:166.43,168.2 1 1
github.com/luxfi/crypto/bls/bls_new.go:171.56,173.2 1 1
github.com/luxfi/crypto/bls/bls_new.go:176.44,178.2 1 0
github.com/luxfi/crypto/bls/bls_new.go:181.57,183.2 1 0
github.com/luxfi/crypto/bls/bls_new.go:186.43,190.2 2 0
github.com/luxfi/crypto/bls/bls_new.go:193.56,194.21 1 0
github.com/luxfi/crypto/bls/bls_new.go:194.21,196.3 1 0
github.com/luxfi/crypto/bls/bls_new.go:198.2,198.40 1 0
github.com/luxfi/crypto/bls/ciphersuite.go:23.38,25.2 1 0
github.com/luxfi/crypto/bls/ciphersuite.go:27.37,29.2 1 0
github.com/luxfi/crypto/bls/compat.go:9.52,10.15 1 0
github.com/luxfi/crypto/bls/compat.go:10.15,12.3 1 0
github.com/luxfi/crypto/bls/compat.go:13.2,13.23 1 0
github.com/luxfi/crypto/bls/compat.go:17.66,18.15 1 0
github.com/luxfi/crypto/bls/compat.go:18.15,20.3 1 0
github.com/luxfi/crypto/bls/compat.go:21.2,21.38 1 0
github.com/luxfi/crypto/bls/helpers.go:9.49,10.15 1 0
github.com/luxfi/crypto/bls/helpers.go:10.15,12.3 1 0
github.com/luxfi/crypto/bls/helpers.go:13.2,13.21 1 0
github.com/luxfi/crypto/bls/helpers.go:17.43,19.2 1 0
github.com/luxfi/crypto/bls/helpers.go:22.79,24.2 1 0
github.com/luxfi/crypto/bls/helpers.go:27.64,29.2 1 0
github.com/luxfi/crypto/bls/helpers.go:32.80,34.2 1 0
github.com/luxfi/crypto/bls/helpers.go:37.65,39.2 1 0
github.com/luxfi/crypto/bls/helpers.go:42.90,44.2 1 0
github.com/luxfi/crypto/bls/helpers.go:47.107,49.2 1 0
github.com/luxfi/crypto/bls/internal.go:21.58,23.2 1 0
github.com/luxfi/crypto/bls/internal.go:26.58,28.2 1 0
github.com/luxfi/crypto/bls/internal.go:31.69,32.22 1 0
github.com/luxfi/crypto/bls/internal.go:32.22,34.3 1 0
github.com/luxfi/crypto/bls/internal.go:37.2,41.35 3 0
github.com/luxfi/crypto/bls/internal.go:41.35,43.3 1 0
github.com/luxfi/crypto/bls/internal.go:45.2,45.20 1 0
github.com/luxfi/crypto/bls/internal.go:49.69,50.22 1 0
github.com/luxfi/crypto/bls/internal.go:50.22,52.3 1 0
github.com/luxfi/crypto/bls/internal.go:55.2,59.35 3 0
github.com/luxfi/crypto/bls/internal.go:59.35,61.3 1 0
github.com/luxfi/crypto/bls/internal.go:63.2,63.20 1 0
github.com/luxfi/crypto/bls/internal.go:67.51,69.42 2 0
github.com/luxfi/crypto/bls/internal.go:69.42,71.3 1 0
github.com/luxfi/crypto/bls/internal.go:72.2,72.16 1 0
github.com/luxfi/crypto/bls/internal.go:76.51,78.42 2 0
github.com/luxfi/crypto/bls/internal.go:78.42,80.3 1 0
github.com/luxfi/crypto/bls/internal.go:81.2,81.16 1 0
github.com/luxfi/crypto/blake2b/blake2b.go:53.37,57.2 3 1
github.com/luxfi/crypto/blake2b/blake2b.go:60.40,66.2 5 1
github.com/luxfi/crypto/blake2b/blake2b.go:69.40,75.2 5 1
github.com/luxfi/crypto/blake2b/blake2b.go:79.44,79.75 1 1
github.com/luxfi/crypto/blake2b/blake2b.go:83.44,83.78 1 1
github.com/luxfi/crypto/blake2b/blake2b.go:87.44,87.78 1 1
github.com/luxfi/crypto/blake2b/blake2b.go:97.51,97.82 1 1
github.com/luxfi/crypto/blake2b/blake2b.go:103.76,105.11 2 1
github.com/luxfi/crypto/blake2b/blake2b.go:105.11,107.3 1 1
github.com/luxfi/crypto/blake2b/blake2b.go:108.2,108.44 1 1
github.com/luxfi/crypto/blake2b/blake2b.go:111.59,112.37 1 1
github.com/luxfi/crypto/blake2b/blake2b.go:112.37,114.3 1 0
github.com/luxfi/crypto/blake2b/blake2b.go:115.2,115.21 1 1
github.com/luxfi/crypto/blake2b/blake2b.go:115.21,117.3 1 0
github.com/luxfi/crypto/blake2b/blake2b.go:118.2,124.15 4 1
github.com/luxfi/crypto/blake2b/blake2b.go:127.59,132.45 4 1
github.com/luxfi/crypto/blake2b/blake2b.go:132.45,134.18 2 1
github.com/luxfi/crypto/blake2b/blake2b.go:134.18,136.4 1 1
github.com/luxfi/crypto/blake2b/blake2b.go:137.3,138.18 2 1
github.com/luxfi/crypto/blake2b/blake2b.go:141.2,144.22 4 1
github.com/luxfi/crypto/blake2b/blake2b.go:144.22,146.3 1 1
github.com/luxfi/crypto/blake2b/blake2b.go:147.2,151.39 3 1
github.com/luxfi/crypto/blake2b/blake2b.go:151.39,153.3 1 1
github.com/luxfi/crypto/blake2b/blake2b.go:156.73,160.31 3 1
github.com/luxfi/crypto/blake2b/blake2b.go:160.31,162.21 2 1
github.com/luxfi/crypto/blake2b/blake2b.go:162.21,164.4 1 1
github.com/luxfi/crypto/blake2b/blake2b.go:165.3,165.20 1 1
github.com/luxfi/crypto/blake2b/blake2b.go:165.20,168.4 2 1
github.com/luxfi/crypto/blake2b/blake2b.go:169.3,169.29 1 1
github.com/luxfi/crypto/blake2b/blake2b.go:171.2,171.21 1 1
github.com/luxfi/crypto/blake2b/blake2b.go:190.50,191.19 1 1
github.com/luxfi/crypto/blake2b/blake2b.go:191.19,193.3 1 0
github.com/luxfi/crypto/blake2b/blake2b.go:194.2,196.25 3 1
github.com/luxfi/crypto/blake2b/blake2b.go:196.25,198.3 1 1
github.com/luxfi/crypto/blake2b/blake2b.go:199.2,205.15 6 1
github.com/luxfi/crypto/blake2b/blake2b.go:208.50,209.60 1 1
github.com/luxfi/crypto/blake2b/blake2b.go:209.60,211.3 1 0
github.com/luxfi/crypto/blake2b/blake2b.go:212.2,212.29 1 1
github.com/luxfi/crypto/blake2b/blake2b.go:212.29,214.3 1 0
github.com/luxfi/crypto/blake2b/blake2b.go:215.2,216.25 2 1
github.com/luxfi/crypto/blake2b/blake2b.go:216.25,218.3 1 1
github.com/luxfi/crypto/blake2b/blake2b.go:219.2,226.12 8 1
github.com/luxfi/crypto/blake2b/blake2b.go:229.34,229.54 1 0
github.com/luxfi/crypto/blake2b/blake2b.go:231.29,231.46 1 0
github.com/luxfi/crypto/blake2b/blake2b.go:233.26,237.18 4 1
github.com/luxfi/crypto/blake2b/blake2b.go:237.18,240.3 2 1
github.com/luxfi/crypto/blake2b/blake2b.go:243.53,246.18 2 1
github.com/luxfi/crypto/blake2b/blake2b.go:246.18,248.21 2 1
github.com/luxfi/crypto/blake2b/blake2b.go:248.21,251.4 2 1
github.com/luxfi/crypto/blake2b/blake2b.go:252.3,255.20 4 1
github.com/luxfi/crypto/blake2b/blake2b.go:258.2,258.42 1 1
github.com/luxfi/crypto/blake2b/blake2b.go:258.42,260.19 2 1
github.com/luxfi/crypto/blake2b/blake2b.go:260.19,262.4 1 1
github.com/luxfi/crypto/blake2b/blake2b.go:263.3,264.13 2 1
github.com/luxfi/crypto/blake2b/blake2b.go:267.2,267.16 1 1
github.com/luxfi/crypto/blake2b/blake2b.go:267.16,269.3 1 1
github.com/luxfi/crypto/blake2b/blake2b.go:271.2,271.8 1 1
github.com/luxfi/crypto/blake2b/blake2b.go:274.41,278.2 3 1
github.com/luxfi/crypto/blake2b/blake2b.go:280.45,286.22 5 1
github.com/luxfi/crypto/blake2b/blake2b.go:286.22,288.3 1 1
github.com/luxfi/crypto/blake2b/blake2b.go:289.2,294.22 4 1
github.com/luxfi/crypto/blake2b/blake2b.go:294.22,296.3 1 1
github.com/luxfi/crypto/blake2b/blake2b.go:299.46,303.2 3 1
github.com/luxfi/crypto/blake2b/blake2b.go:306.46,310.2 3 0
github.com/luxfi/crypto/blake2b/blake2b.go:312.47,315.2 2 1
github.com/luxfi/crypto/blake2b/blake2b.go:318.47,321.2 2 0
github.com/luxfi/crypto/blake2b/blake2b_generic.go:29.80,33.31 3 0
github.com/luxfi/crypto/blake2b/blake2b_generic.go:33.31,35.21 2 0
github.com/luxfi/crypto/blake2b/blake2b_generic.go:35.21,37.4 1 0
github.com/luxfi/crypto/blake2b/blake2b_generic.go:38.3,38.20 1 0
github.com/luxfi/crypto/blake2b/blake2b_generic.go:38.20,41.4 2 0
github.com/luxfi/crypto/blake2b/blake2b_generic.go:42.3,42.36 1 0
github.com/luxfi/crypto/blake2b/blake2b_generic.go:44.2,44.21 1 0
github.com/luxfi/crypto/blake2b/blake2b_generic.go:47.87,54.35 6 1
github.com/luxfi/crypto/blake2b/blake2b_generic.go:54.35,172.3 113 1
github.com/luxfi/crypto/blake2b/blake2b_generic.go:173.2,180.18 8 1
github.com/luxfi/crypto/blake2b/blake2b_ref.go:10.80,12.2 1 1
github.com/luxfi/crypto/blake2b/blake2x.go:50.51,51.21 1 1
github.com/luxfi/crypto/blake2b/blake2x.go:51.21,53.3 1 0
github.com/luxfi/crypto/blake2b/blake2x.go:54.2,54.38 1 1
github.com/luxfi/crypto/blake2b/blake2x.go:54.38,58.3 1 0
github.com/luxfi/crypto/blake2b/blake2x.go:59.2,59.33 1 1
github.com/luxfi/crypto/blake2b/blake2x.go:59.33,61.3 1 1
github.com/luxfi/crypto/blake2b/blake2x.go:62.2,71.15 4 1
github.com/luxfi/crypto/blake2b/blake2x.go:84.50,85.16 1 1
github.com/luxfi/crypto/blake2b/blake2x.go:85.16,86.44 1 0
github.com/luxfi/crypto/blake2b/blake2x.go:88.2,88.21 1 1
github.com/luxfi/crypto/blake2b/blake2x.go:91.27,94.2 2 1
github.com/luxfi/crypto/blake2b/blake2x.go:96.23,106.45 8 1
github.com/luxfi/crypto/blake2b/blake2x.go:106.45,108.3 1 1
github.com/luxfi/crypto/blake2b/blake2x.go:109.2,110.20 2 1
github.com/luxfi/crypto/blake2b/blake2x.go:113.49,114.17 1 1
github.com/luxfi/crypto/blake2b/blake2x.go:114.17,117.3 2 1
github.com/luxfi/crypto/blake2b/blake2x.go:119.2,119.22 1 1
github.com/luxfi/crypto/blake2b/blake2x.go:119.22,121.3 1 1
github.com/luxfi/crypto/blake2b/blake2x.go:123.2,124.29 2 1
github.com/luxfi/crypto/blake2b/blake2x.go:124.29,127.3 2 0
github.com/luxfi/crypto/blake2b/blake2x.go:129.2,129.18 1 1
github.com/luxfi/crypto/blake2b/blake2x.go:129.18,131.25 2 1
github.com/luxfi/crypto/blake2b/blake2x.go:131.25,135.4 3 1
github.com/luxfi/crypto/blake2b/blake2x.go:136.3,139.40 4 1
github.com/luxfi/crypto/blake2b/blake2x.go:142.2,142.21 1 1
github.com/luxfi/crypto/blake2b/blake2x.go:142.21,153.3 8 1
github.com/luxfi/crypto/blake2b/blake2x.go:155.2,155.30 1 1
github.com/luxfi/crypto/blake2b/blake2x.go:155.30,156.33 1 1
github.com/luxfi/crypto/blake2b/blake2x.go:156.33,158.4 1 1
github.com/luxfi/crypto/blake2b/blake2x.go:159.3,167.30 7 1
github.com/luxfi/crypto/blake2b/blake2x.go:169.2,169.8 1 1
github.com/luxfi/crypto/blake2b/blake2x.go:172.46,174.21 2 1
github.com/luxfi/crypto/blake2b/blake2x.go:174.21,176.3 1 1
github.com/luxfi/crypto/blake2b/register.go:15.13,16.33 1 1
github.com/luxfi/crypto/blake2b/register.go:16.33,19.3 2 0
github.com/luxfi/crypto/blake2b/register.go:20.2,20.33 1 1
github.com/luxfi/crypto/blake2b/register.go:20.33,23.3 2 0
github.com/luxfi/crypto/blake2b/register.go:25.2,25.33 1 1
github.com/luxfi/crypto/blake2b/register.go:25.33,28.3 2 0
github.com/luxfi/crypto/blake2b/register.go:30.2,32.53 3 1
github.com/luxfi/crypto/hashing/blake3/blake3.go:29.20,31.2 1 0
github.com/luxfi/crypto/hashing/blake3/blake3.go:34.43,38.2 3 0
github.com/luxfi/crypto/hashing/blake3/blake3.go:41.53,43.2 1 0
github.com/luxfi/crypto/hashing/blake3/blake3.go:46.59,48.2 1 0
github.com/luxfi/crypto/hashing/blake3/blake3.go:51.40,55.2 3 0
github.com/luxfi/crypto/hashing/blake3/blake3.go:58.40,62.2 3 0
github.com/luxfi/crypto/hashing/blake3/blake3.go:65.42,66.14 1 0
github.com/luxfi/crypto/hashing/blake3/blake3.go:66.14,69.3 2 0
github.com/luxfi/crypto/hashing/blake3/blake3.go:70.2,72.18 3 0
github.com/luxfi/crypto/hashing/blake3/blake3.go:76.39,78.2 1 0
github.com/luxfi/crypto/hashing/blake3/blake3.go:81.34,85.2 3 0
github.com/luxfi/crypto/hashing/blake3/blake3.go:88.37,90.2 1 0
github.com/luxfi/crypto/hashing/blake3/blake3.go:93.34,95.2 1 0
github.com/luxfi/crypto/hashing/blake3/blake3.go:98.26,100.2 1 0
github.com/luxfi/crypto/hashing/blake3/blake3.go:103.36,107.2 3 0
github.com/luxfi/crypto/hashing/blake3/blake3.go:110.34,114.2 3 0
github.com/luxfi/crypto/hashing/blake3/blake3.go:117.56,121.2 3 0
github.com/luxfi/crypto/hashing/hashing.go:37.46,39.2 1 0
github.com/luxfi/crypto/hashing/hashing.go:43.40,46.2 2 0
github.com/luxfi/crypto/hashing/hashing.go:50.46,52.16 2 0
github.com/luxfi/crypto/hashing/hashing.go:52.16,53.13 1 0
github.com/luxfi/crypto/hashing/hashing.go:55.2,55.10 1 0
github.com/luxfi/crypto/hashing/hashing.go:60.40,65.16 3 0
github.com/luxfi/crypto/hashing/hashing.go:65.16,66.13 1 0
github.com/luxfi/crypto/hashing/hashing.go:68.2,68.22 1 0
github.com/luxfi/crypto/hashing/hashing.go:76.48,79.2 2 0
github.com/luxfi/crypto/hashing/hashing.go:81.47,83.49 2 0
github.com/luxfi/crypto/hashing/hashing.go:83.49,85.3 1 0
github.com/luxfi/crypto/hashing/hashing.go:86.2,87.18 2 0
github.com/luxfi/crypto/hashing/hashing.go:90.47,92.56 2 0
github.com/luxfi/crypto/hashing/hashing.go:92.56,94.3 1 0
github.com/luxfi/crypto/hashing/hashing.go:95.2,96.18 2 0
github.com/luxfi/crypto/hashing/hashing.go:99.46,101.2 1 0
github.com/luxfi/crypto/encryption/age.go:19.91,22.16 2 0
github.com/luxfi/crypto/encryption/age.go:22.16,24.3 1 0
github.com/luxfi/crypto/encryption/age.go:27.2,28.16 2 0
github.com/luxfi/crypto/encryption/age.go:28.16,30.3 1 0
github.com/luxfi/crypto/encryption/age.go:33.2,34.62 2 0
github.com/luxfi/crypto/encryption/age.go:34.62,36.3 1 0
github.com/luxfi/crypto/encryption/age.go:38.2,38.35 1 0
github.com/luxfi/crypto/encryption/age.go:42.76,45.16 2 0
github.com/luxfi/crypto/encryption/age.go:45.16,47.3 1 0
github.com/luxfi/crypto/encryption/age.go:50.2,52.16 3 0
github.com/luxfi/crypto/encryption/age.go:52.16,54.3 1 0
github.com/luxfi/crypto/encryption/age.go:56.2,56.49 1 0
github.com/luxfi/crypto/encryption/age.go:56.49,58.3 1 0
github.com/luxfi/crypto/encryption/age.go:60.2,60.42 1 0
github.com/luxfi/crypto/encryption/age.go:60.42,62.3 1 0
github.com/luxfi/crypto/encryption/age.go:64.2,64.31 1 0
github.com/luxfi/crypto/encryption/age.go:68.39,71.2 1 0
github.com/luxfi/crypto/encryption/age.go:74.73,76.16 2 0
github.com/luxfi/crypto/encryption/age.go:76.16,78.3 1 0
github.com/luxfi/crypto/encryption/age.go:80.2,80.27 1 0
github.com/luxfi/crypto/encryption/age.go:80.27,83.3 1 0
github.com/luxfi/crypto/encryption/age.go:85.2,85.54 1 0
github.com/luxfi/crypto/bls/signer/localsigner/localsigner.go:23.34,25.16 2 1
github.com/luxfi/crypto/bls/signer/localsigner/localsigner.go:25.16,27.3 1 0
github.com/luxfi/crypto/bls/signer/localsigner/localsigner.go:29.2,30.42 2 1
github.com/luxfi/crypto/bls/signer/localsigner/localsigner.go:34.40,36.2 1 0
github.com/luxfi/crypto/bls/signer/localsigner/localsigner.go:40.54,42.16 2 0
github.com/luxfi/crypto/bls/signer/localsigner/localsigner.go:42.16,44.3 1 0
github.com/luxfi/crypto/bls/signer/localsigner/localsigner.go:46.2,47.42 2 0
github.com/luxfi/crypto/bls/signer/localsigner/localsigner.go:52.50,54.2 1 1
github.com/luxfi/crypto/bls/signer/localsigner/localsigner.go:57.64,59.2 1 1
github.com/luxfi/crypto/bls/signer/localsigner/localsigner.go:62.81,64.2 1 1
github.com/luxfi/crypto/bn256/gnark/g1.go:23.28,25.2 1 0
github.com/luxfi/crypto/bn256/gnark/g1.go:29.49,31.2 1 0
github.com/luxfi/crypto/bn256/gnark/g1.go:41.49,42.19 1 1
github.com/luxfi/crypto/bn256/gnark/g1.go:42.19,44.3 1 1
github.com/luxfi/crypto/bn256/gnark/g1.go:46.2,46.25 1 1
github.com/luxfi/crypto/bn256/gnark/g1.go:46.25,51.3 3 0
github.com/luxfi/crypto/bn256/gnark/g1.go:53.2,53.62 1 1
github.com/luxfi/crypto/bn256/gnark/g1.go:53.62,55.3 1 0
github.com/luxfi/crypto/bn256/gnark/g1.go:56.2,56.64 1 1
github.com/luxfi/crypto/bn256/gnark/g1.go:56.64,58.3 1 0
github.com/luxfi/crypto/bn256/gnark/g1.go:60.2,60.26 1 1
github.com/luxfi/crypto/bn256/gnark/g1.go:60.26,62.3 1 0
github.com/luxfi/crypto/bn256/gnark/g1.go:63.2,63.29 1 1
github.com/luxfi/crypto/bn256/gnark/g1.go:63.29,65.3 1 0
github.com/luxfi/crypto/bn256/gnark/g1.go:66.2,66.16 1 1
github.com/luxfi/crypto/bn256/gnark/g1.go:74.31,84.2 6 1
github.com/luxfi/crypto/bn256/gnark/g1.go:86.33,87.21 1 1
github.com/luxfi/crypto/bn256/gnark/g1.go:87.21,88.18 1 1
github.com/luxfi/crypto/bn256/gnark/g1.go:88.18,90.4 1 1
github.com/luxfi/crypto/bn256/gnark/g1.go:92.2,92.13 1 0
github.com/luxfi/crypto/bn256/gnark/g2.go:29.49,30.20 1 1
github.com/luxfi/crypto/bn256/gnark/g2.go:30.20,32.3 1 0
github.com/luxfi/crypto/bn256/gnark/g2.go:34.2,34.26 1 1
github.com/luxfi/crypto/bn256/gnark/g2.go:34.26,41.3 5 0
github.com/luxfi/crypto/bn256/gnark/g2.go:42.2,42.66 1 1
github.com/luxfi/crypto/bn256/gnark/g2.go:42.66,44.3 1 0
github.com/luxfi/crypto/bn256/gnark/g2.go:45.2,45.67 1 1
github.com/luxfi/crypto/bn256/gnark/g2.go:45.67,47.3 1 0
github.com/luxfi/crypto/bn256/gnark/g2.go:48.2,48.67 1 1
github.com/luxfi/crypto/bn256/gnark/g2.go:48.67,50.3 1 0
github.com/luxfi/crypto/bn256/gnark/g2.go:51.2,51.68 1 1
github.com/luxfi/crypto/bn256/gnark/g2.go:51.68,53.3 1 0
github.com/luxfi/crypto/bn256/gnark/g2.go:55.2,55.26 1 1
github.com/luxfi/crypto/bn256/gnark/g2.go:55.26,57.3 1 0
github.com/luxfi/crypto/bn256/gnark/g2.go:58.2,58.29 1 1
github.com/luxfi/crypto/bn256/gnark/g2.go:58.29,60.3 1 0
github.com/luxfi/crypto/bn256/gnark/g2.go:61.2,61.17 1 1
github.com/luxfi/crypto/bn256/gnark/g2.go:69.31,85.2 10 1
github.com/luxfi/crypto/bn256/gnark/gt.go:24.31,30.16 4 0
github.com/luxfi/crypto/bn256/gnark/gt.go:30.16,33.63 1 0
github.com/luxfi/crypto/bn256/gnark/gt.go:36.2,38.3 1 0
github.com/luxfi/crypto/bn256/gnark/gt.go:45.42,47.2 1 0
github.com/luxfi/crypto/bn256/gnark/gt.go:53.31,56.2 2 0
github.com/luxfi/crypto/bn256/gnark/gt.go:62.50,65.2 2 0
github.com/luxfi/crypto/bn256/gnark/pairing.go:18.44,32.15 4 0
github.com/luxfi/crypto/bn256/gnark/pairing.go:32.15,34.3 1 0
github.com/luxfi/crypto/bn256/gnark/pairing.go:36.2,37.16 2 0
github.com/luxfi/crypto/bn256/gnark/pairing.go:37.16,39.3 1 0
github.com/luxfi/crypto/bn256/gnark/pairing.go:40.2,40.11 1 0
github.com/luxfi/crypto/bn256/gnark/pairing.go:52.55,54.35 2 0
github.com/luxfi/crypto/bn256/gnark/pairing.go:54.35,55.17 1 0
github.com/luxfi/crypto/bn256/gnark/pairing.go:55.17,57.4 1 0
github.com/luxfi/crypto/bn256/gnark/pairing.go:59.2,59.20 1 0
github.com/luxfi/crypto/bn256/gnark/pairing.go:65.55,67.35 2 0
github.com/luxfi/crypto/bn256/gnark/pairing.go:67.35,68.17 1 0
github.com/luxfi/crypto/bn256/gnark/pairing.go:68.17,70.4 1 0
github.com/luxfi/crypto/bn256/gnark/pairing.go:72.2,72.20 1 0
github.com/luxfi/crypto/bn256/cloudflare/bn256.go:28.51,29.6 1 1
github.com/luxfi/crypto/bn256/cloudflare/bn256.go:29.6,31.33 2 1
github.com/luxfi/crypto/bn256/cloudflare/bn256.go:31.33,33.4 1 1
github.com/luxfi/crypto/bn256/cloudflare/bn256.go:44.51,46.16 2 1
github.com/luxfi/crypto/bn256/cloudflare/bn256.go:46.16,48.3 1 0
github.com/luxfi/crypto/bn256/cloudflare/bn256.go:50.2,50.42 1 1
github.com/luxfi/crypto/bn256/cloudflare/bn256.go:53.30,55.2 1 0
github.com/luxfi/crypto/bn256/cloudflare/bn256.go:59.45,60.16 1 1
github.com/luxfi/crypto/bn256/cloudflare/bn256.go:60.16,62.3 1 1
github.com/luxfi/crypto/bn256/cloudflare/bn256.go:63.2,64.10 2 1
github.com/luxfi/crypto/bn256/cloudflare/bn256.go:68.48,69.16 1 0
github.com/luxfi/crypto/bn256/cloudflare/bn256.go:69.16,71.3 1 0
github.com/luxfi/crypto/bn256/cloudflare/bn256.go:72.2,73.10 2 0
github.com/luxfi/crypto/bn256/cloudflare/bn256.go:77.32,78.16 1 0
github.com/luxfi/crypto/bn256/cloudflare/bn256.go:78.16,80.3 1 0
github.com/luxfi/crypto/bn256/cloudflare/bn256.go:81.2,82.10 2 0
github.com/luxfi/crypto/bn256/cloudflare/bn256.go:86.29,87.16 1 0
github.com/luxfi/crypto/bn256/cloudflare/bn256.go:87.16,89.3 1 0
github.com/luxfi/crypto/bn256/cloudflare/bn256.go:90.2,91.10 2 0
github.com/luxfi/crypto/bn256/cloudflare/bn256.go:95.29,96.16 1 0
github.com/luxfi/crypto/bn256/cloudflare/bn256.go:96.16,98.3 1 0
github.com/luxfi/crypto/bn256/cloudflare/bn256.go:99.2,100.10 2 0
github.com/luxfi/crypto/bn256/cloudflare/bn256.go:104.31,108.16 2 1
github.com/luxfi/crypto/bn256/cloudflare/bn256.go:108.16,110.3 1 0
github.com/luxfi/crypto/bn256/cloudflare/bn256.go:112.2,114.22 3 1
github.com/luxfi/crypto/bn256/cloudflare/bn256.go:114.22,116.3 1 0
github.com/luxfi/crypto/bn256/cloudflare/bn256.go:117.2,124.12 6 1
github.com/luxfi/crypto/bn256/cloudflare/bn256.go:129.50,132.25 2 1
github.com/luxfi/crypto/bn256/cloudflare/bn256.go:132.25,134.3 1 0
github.com/luxfi/crypto/bn256/cloudflare/bn256.go:136.2,136.16 1 1
github.com/luxfi/crypto/bn256/cloudflare/bn256.go:136.16,138.3 1 1
github.com/luxfi/crypto/bn256/cloudflare/bn256.go:138.8,140.3 1 0
github.com/luxfi/crypto/bn256/cloudflare/bn256.go:141.2,142.42 2 1
github.com/luxfi/crypto/bn256/cloudflare/bn256.go:142.42,144.3 1 0
github.com/luxfi/crypto/bn256/cloudflare/bn256.go:145.2,145.53 1 1
github.com/luxfi/crypto/bn256/cloudflare/bn256.go:145.53,147.3 1 0
github.com/luxfi/crypto/bn256/cloudflare/bn256.go:149.2,153.36 4 1
github.com/luxfi/crypto/bn256/cloudflare/bn256.go:153.36,158.3 3 0
github.com/luxfi/crypto/bn256/cloudflare/bn256.go:158.8,162.23 3 1
github.com/luxfi/crypto/bn256/cloudflare/bn256.go:162.23,164.4 1 0
github.com/luxfi/crypto/bn256/cloudflare/bn256.go:166.2,166.28 1 1
github.com/luxfi/crypto/bn256/cloudflare/bn256.go:176.51,178.16 2 1
github.com/luxfi/crypto/bn256/cloudflare/bn256.go:178.16,180.3 1 0
github.com/luxfi/crypto/bn256/cloudflare/bn256.go:182.2,182.42 1 1
github.com/luxfi/crypto/bn256/cloudflare/bn256.go:185.30,187.2 1 0
github.com/luxfi/crypto/bn256/cloudflare/bn256.go:191.45,192.16 1 1
github.com/luxfi/crypto/bn256/cloudflare/bn256.go:192.16,194.3 1 1
github.com/luxfi/crypto/bn256/cloudflare/bn256.go:195.2,196.10 2 1
github.com/luxfi/crypto/bn256/cloudflare/bn256.go:200.48,201.16 1 0
github.com/luxfi/crypto/bn256/cloudflare/bn256.go:201.16,203.3 1 0
github.com/luxfi/crypto/bn256/cloudflare/bn256.go:204.2,205.10 2 0
github.com/luxfi/crypto/bn256/cloudflare/bn256.go:209.32,210.16 1 1
github.com/luxfi/crypto/bn256/cloudflare/bn256.go:210.16,212.3 1 0
github.com/luxfi/crypto/bn256/cloudflare/bn256.go:213.2,214.10 2 1
github.com/luxfi/crypto/bn256/cloudflare/bn256.go:218.29,219.16 1 0
github.com/luxfi/crypto/bn256/cloudflare/bn256.go:219.16,221.3 1 0
github.com/luxfi/crypto/bn256/cloudflare/bn256.go:222.2,223.10 2 0
github.com/luxfi/crypto/bn256/cloudflare/bn256.go:227.29,228.16 1 0
github.com/luxfi/crypto/bn256/cloudflare/bn256.go:228.16,230.3 1 0
github.com/luxfi/crypto/bn256/cloudflare/bn256.go:231.2,232.10 2 0
github.com/luxfi/crypto/bn256/cloudflare/bn256.go:236.31,240.16 2 1
github.com/luxfi/crypto/bn256/cloudflare/bn256.go:240.16,242.3 1 0
github.com/luxfi/crypto/bn256/cloudflare/bn256.go:244.2,246.22 3 1
github.com/luxfi/crypto/bn256/cloudflare/bn256.go:246.22,248.3 1 0
github.com/luxfi/crypto/bn256/cloudflare/bn256.go:249.2,260.12 10 1
github.com/luxfi/crypto/bn256/cloudflare/bn256.go:265.50,268.25 2 1
github.com/luxfi/crypto/bn256/cloudflare/bn256.go:268.25,270.3 1 0
github.com/luxfi/crypto/bn256/cloudflare/bn256.go:272.2,272.16 1 1
github.com/luxfi/crypto/bn256/cloudflare/bn256.go:272.16,274.3 1 1
github.com/luxfi/crypto/bn256/cloudflare/bn256.go:275.2,276.44 2 1
github.com/luxfi/crypto/bn256/cloudflare/bn256.go:276.44,278.3 1 0
github.com/luxfi/crypto/bn256/cloudflare/bn256.go:279.2,279.55 1 1
github.com/luxfi/crypto/bn256/cloudflare/bn256.go:279.55,281.3 1 0
github.com/luxfi/crypto/bn256/cloudflare/bn256.go:282.2,282.57 1 1
github.com/luxfi/crypto/bn256/cloudflare/bn256.go:282.57,284.3 1 0
github.com/luxfi/crypto/bn256/cloudflare/bn256.go:285.2,285.57 1 1
github.com/luxfi/crypto/bn256/cloudflare/bn256.go:285.57,287.3 1 0
github.com/luxfi/crypto/bn256/cloudflare/bn256.go:289.2,294.38 5 1
github.com/luxfi/crypto/bn256/cloudflare/bn256.go:294.38,299.3 3 0
github.com/luxfi/crypto/bn256/cloudflare/bn256.go:299.8,303.23 3 1
github.com/luxfi/crypto/bn256/cloudflare/bn256.go:303.23,305.4 1 0
github.com/luxfi/crypto/bn256/cloudflare/bn256.go:307.2,307.28 1 1
github.com/luxfi/crypto/bn256/cloudflare/bn256.go:317.31,319.2 1 1
github.com/luxfi/crypto/bn256/cloudflare/bn256.go:322.42,326.30 3 1
github.com/luxfi/crypto/bn256/cloudflare/bn256.go:326.30,327.49 1 1
github.com/luxfi/crypto/bn256/cloudflare/bn256.go:327.49,328.12 1 0
github.com/luxfi/crypto/bn256/cloudflare/bn256.go:330.3,330.39 1 1
github.com/luxfi/crypto/bn256/cloudflare/bn256.go:332.2,332.41 1 1
github.com/luxfi/crypto/bn256/cloudflare/bn256.go:338.33,340.2 1 0
github.com/luxfi/crypto/bn256/cloudflare/bn256.go:342.30,344.2 1 1
github.com/luxfi/crypto/bn256/cloudflare/bn256.go:347.48,348.16 1 1
github.com/luxfi/crypto/bn256/cloudflare/bn256.go:348.16,350.3 1 1
github.com/luxfi/crypto/bn256/cloudflare/bn256.go:351.2,352.10 2 1
github.com/luxfi/crypto/bn256/cloudflare/bn256.go:356.32,357.16 1 1
github.com/luxfi/crypto/bn256/cloudflare/bn256.go:357.16,359.3 1 1
github.com/luxfi/crypto/bn256/cloudflare/bn256.go:360.2,361.10 2 1
github.com/luxfi/crypto/bn256/cloudflare/bn256.go:365.29,366.16 1 0
github.com/luxfi/crypto/bn256/cloudflare/bn256.go:366.16,368.3 1 0
github.com/luxfi/crypto/bn256/cloudflare/bn256.go:369.2,370.10 2 0
github.com/luxfi/crypto/bn256/cloudflare/bn256.go:374.29,375.16 1 0
github.com/luxfi/crypto/bn256/cloudflare/bn256.go:375.16,377.3 1 0
github.com/luxfi/crypto/bn256/cloudflare/bn256.go:378.2,379.10 2 0
github.com/luxfi/crypto/bn256/cloudflare/bn256.go:383.29,387.2 3 0
github.com/luxfi/crypto/bn256/cloudflare/bn256.go:390.31,394.16 2 1
github.com/luxfi/crypto/bn256/cloudflare/bn256.go:394.16,397.3 2 0
github.com/luxfi/crypto/bn256/cloudflare/bn256.go:399.2,427.12 27 1
github.com/luxfi/crypto/bn256/cloudflare/bn256.go:432.50,436.26 2 0
github.com/luxfi/crypto/bn256/cloudflare/bn256.go:436.26,438.3 1 0
github.com/luxfi/crypto/bn256/cloudflare/bn256.go:440.2,440.16 1 0
github.com/luxfi/crypto/bn256/cloudflare/bn256.go:440.16,442.3 1 0
github.com/luxfi/crypto/bn256/cloudflare/bn256.go:444.2,445.46 2 0
github.com/luxfi/crypto/bn256/cloudflare/bn256.go:445.46,447.3 1 0
github.com/luxfi/crypto/bn256/cloudflare/bn256.go:448.2,448.57 1 0
github.com/luxfi/crypto/bn256/cloudflare/bn256.go:448.57,450.3 1 0
github.com/luxfi/crypto/bn256/cloudflare/bn256.go:451.2,451.59 1 0
github.com/luxfi/crypto/bn256/cloudflare/bn256.go:451.59,453.3 1 0
github.com/luxfi/crypto/bn256/cloudflare/bn256.go:454.2,454.59 1 0
github.com/luxfi/crypto/bn256/cloudflare/bn256.go:454.59,456.3 1 0
github.com/luxfi/crypto/bn256/cloudflare/bn256.go:457.2,457.59 1 0
github.com/luxfi/crypto/bn256/cloudflare/bn256.go:457.59,459.3 1 0
github.com/luxfi/crypto/bn256/cloudflare/bn256.go:460.2,460.59 1 0
github.com/luxfi/crypto/bn256/cloudflare/bn256.go:460.59,462.3 1 0
github.com/luxfi/crypto/bn256/cloudflare/bn256.go:463.2,463.59 1 0
github.com/luxfi/crypto/bn256/cloudflare/bn256.go:463.59,465.3 1 0
github.com/luxfi/crypto/bn256/cloudflare/bn256.go:466.2,466.59 1 0
github.com/luxfi/crypto/bn256/cloudflare/bn256.go:466.59,468.3 1 0
github.com/luxfi/crypto/bn256/cloudflare/bn256.go:469.2,469.59 1 0
github.com/luxfi/crypto/bn256/cloudflare/bn256.go:469.59,471.3 1 0
github.com/luxfi/crypto/bn256/cloudflare/bn256.go:472.2,472.59 1 0
github.com/luxfi/crypto/bn256/cloudflare/bn256.go:472.59,474.3 1 0
github.com/luxfi/crypto/bn256/cloudflare/bn256.go:475.2,475.60 1 0
github.com/luxfi/crypto/bn256/cloudflare/bn256.go:475.60,477.3 1 0
github.com/luxfi/crypto/bn256/cloudflare/bn256.go:478.2,478.60 1 0
github.com/luxfi/crypto/bn256/cloudflare/bn256.go:478.60,480.3 1 0
github.com/luxfi/crypto/bn256/cloudflare/bn256.go:481.2,494.29 13 0
github.com/luxfi/crypto/bn256/cloudflare/constants.go:11.39,14.2 2 1
github.com/luxfi/crypto/bn256/cloudflare/curve.go:23.38,29.2 5 0
github.com/luxfi/crypto/bn256/cloudflare/curve.go:31.41,36.2 4 1
github.com/luxfi/crypto/bn256/cloudflare/curve.go:39.39,41.20 2 1
github.com/luxfi/crypto/bn256/cloudflare/curve.go:41.20,43.3 1 0
github.com/luxfi/crypto/bn256/cloudflare/curve.go:45.2,51.19 6 1
github.com/luxfi/crypto/bn256/cloudflare/curve.go:54.36,59.2 4 1
github.com/luxfi/crypto/bn256/cloudflare/curve.go:61.40,63.2 1 1
github.com/luxfi/crypto/bn256/cloudflare/curve.go:65.44,66.20 1 1
github.com/luxfi/crypto/bn256/cloudflare/curve.go:66.20,69.3 2 1
github.com/luxfi/crypto/bn256/cloudflare/curve.go:70.2,70.20 1 1
github.com/luxfi/crypto/bn256/cloudflare/curve.go:70.20,73.3 2 0
github.com/luxfi/crypto/bn256/cloudflare/curve.go:80.2,117.22 23 1
github.com/luxfi/crypto/bn256/cloudflare/curve.go:117.22,120.3 2 0
github.com/luxfi/crypto/bn256/cloudflare/curve.go:121.2,149.21 19 1
github.com/luxfi/crypto/bn256/cloudflare/curve.go:152.44,183.2 24 1
github.com/luxfi/crypto/bn256/cloudflare/curve.go:185.58,198.45 10 1
github.com/luxfi/crypto/bn256/cloudflare/curve.go:198.45,200.26 2 1
github.com/luxfi/crypto/bn256/cloudflare/curve.go:200.26,202.4 1 1
github.com/luxfi/crypto/bn256/cloudflare/curve.go:202.9,204.4 1 1
github.com/luxfi/crypto/bn256/cloudflare/curve.go:206.2,206.12 1 1
github.com/luxfi/crypto/bn256/cloudflare/curve.go:209.35,210.23 1 1
github.com/luxfi/crypto/bn256/cloudflare/curve.go:210.23,212.3 1 1
github.com/luxfi/crypto/bn256/cloudflare/curve.go:212.8,212.30 1 1
github.com/luxfi/crypto/bn256/cloudflare/curve.go:212.30,217.3 4 0
github.com/luxfi/crypto/bn256/cloudflare/curve.go:219.2,230.18 9 1
github.com/luxfi/crypto/bn256/cloudflare/curve.go:233.41,238.2 4 0
github.com/luxfi/crypto/bn256/cloudflare/gfp.go:10.33,11.12 1 1
github.com/luxfi/crypto/bn256/cloudflare/gfp.go:11.12,13.3 1 1
github.com/luxfi/crypto/bn256/cloudflare/gfp.go:13.8,16.3 2 0
github.com/luxfi/crypto/bn256/cloudflare/gfp.go:18.2,19.12 2 1
github.com/luxfi/crypto/bn256/cloudflare/gfp.go:22.31,24.2 1 1
github.com/luxfi/crypto/bn256/cloudflare/gfp.go:26.27,31.2 4 1
github.com/luxfi/crypto/bn256/cloudflare/gfp.go:33.30,40.34 5 1
github.com/luxfi/crypto/bn256/cloudflare/gfp.go:40.34,41.39 1 1
github.com/luxfi/crypto/bn256/cloudflare/gfp.go:41.39,42.32 1 1
github.com/luxfi/crypto/bn256/cloudflare/gfp.go:42.32,44.5 1 1
github.com/luxfi/crypto/bn256/cloudflare/gfp.go:45.4,45.31 1 1
github.com/luxfi/crypto/bn256/cloudflare/gfp.go:49.2,50.12 2 1
github.com/luxfi/crypto/bn256/cloudflare/gfp.go:53.35,54.31 1 1
github.com/luxfi/crypto/bn256/cloudflare/gfp.go:54.31,55.32 1 1
github.com/luxfi/crypto/bn256/cloudflare/gfp.go:55.32,57.4 1 1
github.com/luxfi/crypto/bn256/cloudflare/gfp.go:61.42,63.31 1 1
github.com/luxfi/crypto/bn256/cloudflare/gfp.go:63.31,65.32 2 1
github.com/luxfi/crypto/bn256/cloudflare/gfp.go:65.32,67.4 1 1
github.com/luxfi/crypto/bn256/cloudflare/gfp.go:70.2,70.26 1 1
github.com/luxfi/crypto/bn256/cloudflare/gfp.go:70.26,71.19 1 1
github.com/luxfi/crypto/bn256/cloudflare/gfp.go:71.19,73.4 1 1
github.com/luxfi/crypto/bn256/cloudflare/gfp.go:74.3,74.19 1 0
github.com/luxfi/crypto/bn256/cloudflare/gfp.go:74.19,76.4 1 0
github.com/luxfi/crypto/bn256/cloudflare/gfp.go:78.2,78.55 1 0
github.com/luxfi/crypto/bn256/cloudflare/gfp.go:81.28,81.48 1 1
github.com/luxfi/crypto/bn256/cloudflare/gfp.go:82.28,82.53 1 1
github.com/luxfi/crypto/bn256/cloudflare/gfp12.go:17.33,19.2 1 1
github.com/luxfi/crypto/bn256/cloudflare/gfp12.go:21.38,25.2 3 1
github.com/luxfi/crypto/bn256/cloudflare/gfp12.go:27.34,31.2 3 0
github.com/luxfi/crypto/bn256/cloudflare/gfp12.go:33.33,37.2 3 1
github.com/luxfi/crypto/bn256/cloudflare/gfp12.go:39.31,41.2 1 0
github.com/luxfi/crypto/bn256/cloudflare/gfp12.go:43.30,45.2 1 1
github.com/luxfi/crypto/bn256/cloudflare/gfp12.go:47.44,51.2 3 1
github.com/luxfi/crypto/bn256/cloudflare/gfp12.go:53.38,57.2 3 0
github.com/luxfi/crypto/bn256/cloudflare/gfp12.go:60.44,65.2 4 1
github.com/luxfi/crypto/bn256/cloudflare/gfp12.go:68.46,73.2 4 1
github.com/luxfi/crypto/bn256/cloudflare/gfp12.go:75.46,80.2 4 0
github.com/luxfi/crypto/bn256/cloudflare/gfp12.go:82.41,86.2 3 0
github.com/luxfi/crypto/bn256/cloudflare/gfp12.go:88.41,92.2 3 0
github.com/luxfi/crypto/bn256/cloudflare/gfp12.go:94.41,105.2 8 1
github.com/luxfi/crypto/bn256/cloudflare/gfp12.go:107.53,111.2 3 1
github.com/luxfi/crypto/bn256/cloudflare/gfp12.go:113.54,117.43 3 1
github.com/luxfi/crypto/bn256/cloudflare/gfp12.go:117.43,119.24 2 1
github.com/luxfi/crypto/bn256/cloudflare/gfp12.go:119.24,121.4 1 1
github.com/luxfi/crypto/bn256/cloudflare/gfp12.go:121.9,123.4 1 1
github.com/luxfi/crypto/bn256/cloudflare/gfp12.go:126.2,127.10 2 1
github.com/luxfi/crypto/bn256/cloudflare/gfp12.go:130.41,144.2 10 1
github.com/luxfi/crypto/bn256/cloudflare/gfp12.go:146.41,160.2 9 1
github.com/luxfi/crypto/bn256/cloudflare/gfp2.go:13.33,18.2 4 0
github.com/luxfi/crypto/bn256/cloudflare/gfp2.go:20.32,22.2 1 1
github.com/luxfi/crypto/bn256/cloudflare/gfp2.go:24.35,28.2 3 1
github.com/luxfi/crypto/bn256/cloudflare/gfp2.go:30.32,34.2 3 1
github.com/luxfi/crypto/bn256/cloudflare/gfp2.go:36.31,40.2 3 1
github.com/luxfi/crypto/bn256/cloudflare/gfp2.go:42.30,45.2 2 1
github.com/luxfi/crypto/bn256/cloudflare/gfp2.go:47.29,50.2 2 1
github.com/luxfi/crypto/bn256/cloudflare/gfp2.go:52.41,56.2 3 1
github.com/luxfi/crypto/bn256/cloudflare/gfp2.go:58.35,62.2 3 1
github.com/luxfi/crypto/bn256/cloudflare/gfp2.go:64.38,68.2 3 1
github.com/luxfi/crypto/bn256/cloudflare/gfp2.go:70.38,74.2 3 1
github.com/luxfi/crypto/bn256/cloudflare/gfp2.go:78.38,92.2 11 1
github.com/luxfi/crypto/bn256/cloudflare/gfp2.go:94.49,98.2 3 1
github.com/luxfi/crypto/bn256/cloudflare/gfp2.go:101.37,122.2 15 1
github.com/luxfi/crypto/bn256/cloudflare/gfp2.go:124.38,138.2 9 1
github.com/luxfi/crypto/bn256/cloudflare/gfp2.go:140.38,156.2 10 1
github.com/luxfi/crypto/bn256/cloudflare/gfp6.go:13.32,15.2 1 1
github.com/luxfi/crypto/bn256/cloudflare/gfp6.go:17.35,22.2 4 1
github.com/luxfi/crypto/bn256/cloudflare/gfp6.go:24.32,29.2 4 1
github.com/luxfi/crypto/bn256/cloudflare/gfp6.go:31.31,36.2 4 1
github.com/luxfi/crypto/bn256/cloudflare/gfp6.go:38.30,40.2 1 1
github.com/luxfi/crypto/bn256/cloudflare/gfp6.go:42.29,44.2 1 1
github.com/luxfi/crypto/bn256/cloudflare/gfp6.go:46.35,51.2 4 1
github.com/luxfi/crypto/bn256/cloudflare/gfp6.go:53.41,61.2 6 1
github.com/luxfi/crypto/bn256/cloudflare/gfp6.go:64.43,71.2 4 1
github.com/luxfi/crypto/bn256/cloudflare/gfp6.go:73.43,78.2 4 0
github.com/luxfi/crypto/bn256/cloudflare/gfp6.go:80.38,85.2 4 1
github.com/luxfi/crypto/bn256/cloudflare/gfp6.go:87.38,92.2 4 1
github.com/luxfi/crypto/bn256/cloudflare/gfp6.go:94.38,122.2 20 1
github.com/luxfi/crypto/bn256/cloudflare/gfp6.go:124.50,129.2 4 1
github.com/luxfi/crypto/bn256/cloudflare/gfp6.go:131.46,136.2 4 1
github.com/luxfi/crypto/bn256/cloudflare/gfp6.go:139.38,147.2 6 1
github.com/luxfi/crypto/bn256/cloudflare/gfp6.go:149.38,169.2 15 1
github.com/luxfi/crypto/bn256/cloudflare/gfp6.go:171.38,213.2 22 1
github.com/luxfi/crypto/bn256/cloudflare/lattice.go:44.52,49.25 3 1
github.com/luxfi/crypto/bn256/cloudflare/lattice.go:49.25,52.3 2 1
github.com/luxfi/crypto/bn256/cloudflare/lattice.go:55.2,58.25 3 1
github.com/luxfi/crypto/bn256/cloudflare/lattice.go:58.25,61.26 2 1
github.com/luxfi/crypto/bn256/cloudflare/lattice.go:61.26,64.4 2 1
github.com/luxfi/crypto/bn256/cloudflare/lattice.go:66.3,67.67 2 1
github.com/luxfi/crypto/bn256/cloudflare/lattice.go:69.2,71.12 2 1
github.com/luxfi/crypto/bn256/cloudflare/lattice.go:74.51,78.31 3 0
github.com/luxfi/crypto/bn256/cloudflare/lattice.go:78.31,79.36 1 0
github.com/luxfi/crypto/bn256/cloudflare/lattice.go:79.36,80.21 1 0
github.com/luxfi/crypto/bn256/cloudflare/lattice.go:80.21,82.5 1 0
github.com/luxfi/crypto/bn256/cloudflare/lattice.go:87.50,91.27 3 1
github.com/luxfi/crypto/bn256/cloudflare/lattice.go:91.27,92.26 1 1
github.com/luxfi/crypto/bn256/cloudflare/lattice.go:92.26,94.4 1 1
github.com/luxfi/crypto/bn256/cloudflare/lattice.go:97.2,98.27 2 1
github.com/luxfi/crypto/bn256/cloudflare/lattice.go:98.27,99.31 1 1
github.com/luxfi/crypto/bn256/cloudflare/lattice.go:99.31,101.4 1 1
github.com/luxfi/crypto/bn256/cloudflare/lattice.go:104.2,104.12 1 1
github.com/luxfi/crypto/bn256/cloudflare/lattice.go:108.33,112.22 3 1
github.com/luxfi/crypto/bn256/cloudflare/lattice.go:112.22,114.3 1 1
github.com/luxfi/crypto/bn256/cloudflare/optate.go:3.99,50.2 29 1
github.com/luxfi/crypto/bn256/cloudflare/optate.go:52.89,92.2 26 1
github.com/luxfi/crypto/bn256/cloudflare/optate.go:94.41,112.2 14 1
github.com/luxfi/crypto/bn256/cloudflare/optate.go:122.50,141.45 13 1
github.com/luxfi/crypto/bn256/cloudflare/optate.go:141.45,143.31 2 1
github.com/luxfi/crypto/bn256/cloudflare/optate.go:143.31,145.4 1 1
github.com/luxfi/crypto/bn256/cloudflare/optate.go:147.3,150.28 3 1
github.com/luxfi/crypto/bn256/cloudflare/optate.go:151.10,152.60 1 1
github.com/luxfi/crypto/bn256/cloudflare/optate.go:153.11,154.59 1 1
github.com/luxfi/crypto/bn256/cloudflare/optate.go:155.11,156.12 1 1
github.com/luxfi/crypto/bn256/cloudflare/optate.go:159.3,160.11 2 1
github.com/luxfi/crypto/bn256/cloudflare/optate.go:178.2,205.12 18 1
github.com/luxfi/crypto/bn256/cloudflare/optate.go:211.44,260.2 36 1
github.com/luxfi/crypto/bn256/cloudflare/optate.go:262.54,266.38 3 1
github.com/luxfi/crypto/bn256/cloudflare/optate.go:266.38,268.3 1 1
github.com/luxfi/crypto/bn256/cloudflare/optate.go:269.2,269.12 1 1
github.com/luxfi/crypto/bn256/cloudflare/twist.go:33.38,37.2 3 0
github.com/luxfi/crypto/bn256/cloudflare/twist.go:39.41,44.2 4 1
github.com/luxfi/crypto/bn256/cloudflare/twist.go:47.39,49.20 2 1
github.com/luxfi/crypto/bn256/cloudflare/twist.go:49.20,51.3 1 0
github.com/luxfi/crypto/bn256/cloudflare/twist.go:53.2,57.16 4 1
github.com/luxfi/crypto/bn256/cloudflare/twist.go:57.16,59.3 1 0
github.com/luxfi/crypto/bn256/cloudflare/twist.go:62.2,64.24 3 1
github.com/luxfi/crypto/bn256/cloudflare/twist.go:67.36,72.2 4 0
github.com/luxfi/crypto/bn256/cloudflare/twist.go:74.40,76.2 1 1
github.com/luxfi/crypto/bn256/cloudflare/twist.go:78.44,81.20 1 1
github.com/luxfi/crypto/bn256/cloudflare/twist.go:81.20,84.3 2 1
github.com/luxfi/crypto/bn256/cloudflare/twist.go:85.2,85.20 1 1
github.com/luxfi/crypto/bn256/cloudflare/twist.go:85.20,88.3 2 0
github.com/luxfi/crypto/bn256/cloudflare/twist.go:91.2,111.22 16 1
github.com/luxfi/crypto/bn256/cloudflare/twist.go:111.22,114.3 2 1
github.com/luxfi/crypto/bn256/cloudflare/twist.go:115.2,134.16 16 1
github.com/luxfi/crypto/bn256/cloudflare/twist.go:137.44,164.2 21 1
github.com/luxfi/crypto/bn256/cloudflare/twist.go:166.58,169.40 2 1
github.com/luxfi/crypto/bn256/cloudflare/twist.go:169.40,171.25 2 1
github.com/luxfi/crypto/bn256/cloudflare/twist.go:171.25,173.4 1 1
github.com/luxfi/crypto/bn256/cloudflare/twist.go:173.9,175.4 1 1
github.com/luxfi/crypto/bn256/cloudflare/twist.go:178.2,178.12 1 1
github.com/luxfi/crypto/bn256/cloudflare/twist.go:181.35,182.17 1 1
github.com/luxfi/crypto/bn256/cloudflare/twist.go:182.17,184.3 1 1
github.com/luxfi/crypto/bn256/cloudflare/twist.go:184.8,184.25 1 1
github.com/luxfi/crypto/bn256/cloudflare/twist.go:184.25,189.3 4 1
github.com/luxfi/crypto/bn256/cloudflare/twist.go:191.2,198.14 8 1
github.com/luxfi/crypto/bn256/cloudflare/twist.go:201.41,206.2 4 1
github.com/luxfi/crypto/ipa/common/parallel/execute.go:23.69,26.23 2 0
github.com/luxfi/crypto/ipa/common/parallel/execute.go:26.23,28.3 1 0
github.com/luxfi/crypto/ipa/common/parallel/execute.go:29.2,32.29 2 0
github.com/luxfi/crypto/ipa/common/parallel/execute.go:32.29,35.3 2 0
github.com/luxfi/crypto/ipa/common/parallel/execute.go:37.2,42.31 4 0
github.com/luxfi/crypto/ipa/common/parallel/execute.go:42.31,46.21 4 0
github.com/luxfi/crypto/ipa/common/parallel/execute.go:46.21,50.4 3 0
github.com/luxfi/crypto/ipa/common/parallel/execute.go:51.3,51.13 1 0
github.com/luxfi/crypto/ipa/common/parallel/execute.go:51.13,54.4 2 0
github.com/luxfi/crypto/ipa/common/parallel/execute.go:57.2,57.11 1 0
github.com/luxfi/crypto/bn256/google/bn256.go:41.51,45.6 3 1
github.com/luxfi/crypto/bn256/google/bn256.go:45.6,47.17 2 1
github.com/luxfi/crypto/bn256/google/bn256.go:47.17,49.4 1 0
github.com/luxfi/crypto/bn256/google/bn256.go:50.3,50.19 1 1
github.com/luxfi/crypto/bn256/google/bn256.go:50.19,51.9 1 1
github.com/luxfi/crypto/bn256/google/bn256.go:55.2,55.42 1 1
github.com/luxfi/crypto/bn256/google/bn256.go:58.30,60.2 1 0
[...]
github.com/luxfi/crypto/ipa/bandersnatch/fr/element.go:722.50,724.3 1 0
github.com/luxfi/crypto/ipa/bandersnatch/fr/element.go:726.2,735.10 5 0
github.com/luxfi/crypto/ipa/bandersnatch/fr/element.go:739.67,740.50 1 0
github.com/luxfi/crypto/ipa/bandersnatch/fr/element.go:740.50,742.3 1 0
github.com/luxfi/crypto/ipa/bandersnatch/fr/element.go:744.2,747.29 3 0
github.com/luxfi/crypto/ipa/bandersnatch/fr/element.go:747.29,749.3 1 0
github.com/luxfi/crypto/ipa/bandersnatch/fr/element.go:752.2,757.15 3 0
github.com/luxfi/crypto/ipa/bandersnatch/fr/element.go:761.50,768.12 4 1
github.com/luxfi/crypto/ipa/bandersnatch/fr/element.go:768.12,771.3 1 0
github.com/luxfi/crypto/ipa/bandersnatch/fr/element.go:771.8,771.41 1 1
github.com/luxfi/crypto/ipa/bandersnatch/fr/element.go:771.41,774.3 1 1
github.com/luxfi/crypto/ipa/bandersnatch/fr/element.go:777.2,788.10 6 0
github.com/luxfi/crypto/ipa/bandersnatch/fr/element.go:792.50,795.25 2 1
github.com/luxfi/crypto/ipa/bandersnatch/fr/element.go:795.25,796.35 1 1
github.com/luxfi/crypto/ipa/bandersnatch/fr/element.go:796.35,798.4 1 1
github.com/luxfi/crypto/ipa/bandersnatch/fr/element.go:799.8,800.35 1 0
github.com/luxfi/crypto/ipa/bandersnatch/fr/element.go:800.35,801.16 1 0
github.com/luxfi/crypto/ipa/bandersnatch/fr/element.go:801.16,803.5 1 0
github.com/luxfi/crypto/ipa/bandersnatch/fr/element.go:803.10,805.5 1 0
github.com/luxfi/crypto/ipa/bandersnatch/fr/element.go:809.2,809.19 1 1
github.com/luxfi/crypto/ipa/bandersnatch/fr/element.go:813.48,817.39 2 0
github.com/luxfi/crypto/ipa/bandersnatch/fr/element.go:817.39,821.83 1 0
github.com/luxfi/crypto/ipa/bandersnatch/fr/element.go:823.2,828.10 3 0
github.com/luxfi/crypto/ipa/bandersnatch/fr/element.go:836.13,840.2 3 1
github.com/luxfi/crypto/ipa/bandersnatch/fr/element.go:843.34,848.16 3 1
github.com/luxfi/crypto/ipa/bandersnatch/fr/element.go:848.16,850.3 1 0
github.com/luxfi/crypto/ipa/bandersnatch/fr/element.go:853.2,853.134 1 1
github.com/luxfi/crypto/ipa/bandersnatch/fr/element.go:853.134,855.3 1 1
github.com/luxfi/crypto/ipa/bandersnatch/fr/element.go:856.2,856.11 1 1
github.com/luxfi/crypto/ipa/bandersnatch/fr/element.go:862.45,889.35 8 1
github.com/luxfi/crypto/ipa/bandersnatch/fr/element.go:889.35,891.3 1 1
github.com/luxfi/crypto/ipa/bandersnatch/fr/element.go:892.2,892.16 1 1
github.com/luxfi/crypto/ipa/bandersnatch/fr/element.go:892.16,894.3 1 1
github.com/luxfi/crypto/ipa/bandersnatch/fr/element.go:895.2,895.137 1 1
github.com/luxfi/crypto/ipa/bandersnatch/fr/element.go:895.137,898.3 1 1
github.com/luxfi/crypto/ipa/bandersnatch/fr/element.go:899.2,899.6 1 1
github.com/luxfi/crypto/ipa/bandersnatch/fr/element.go:899.6,904.139 3 1
github.com/luxfi/crypto/ipa/bandersnatch/fr/element.go:904.139,907.4 2 1
github.com/luxfi/crypto/ipa/bandersnatch/fr/element.go:909.3,909.13 1 1
github.com/luxfi/crypto/ipa/bandersnatch/fr/element.go:909.13,911.4 1 1
github.com/luxfi/crypto/ipa/bandersnatch/fr/element.go:913.3,915.14 3 1
github.com/luxfi/crypto/ipa/bandersnatch/fr/element.go:915.14,918.4 2 1
github.com/luxfi/crypto/ipa/bandersnatch/fr/element.go:920.3,923.8 4 1
github.com/luxfi/crypto/ipa/bandersnatch/fr/element.go:930.48,931.16 1 1
github.com/luxfi/crypto/ipa/bandersnatch/fr/element.go:931.16,934.3 2 1
github.com/luxfi/crypto/ipa/bandersnatch/fr/element.go:937.2,960.6 7 1
github.com/luxfi/crypto/ipa/bandersnatch/fr/element.go:960.6,961.19 1 1
github.com/luxfi/crypto/ipa/bandersnatch/fr/element.go:961.19,970.19 5 1
github.com/luxfi/crypto/ipa/bandersnatch/fr/element.go:970.19,978.5 4 1
github.com/luxfi/crypto/ipa/bandersnatch/fr/element.go:982.4,985.14 4 1
github.com/luxfi/crypto/ipa/bandersnatch/fr/element.go:988.3,988.19 1 1
github.com/luxfi/crypto/ipa/bandersnatch/fr/element.go:988.19,997.19 5 1
github.com/luxfi/crypto/ipa/bandersnatch/fr/element.go:997.19,1005.5 4 1
github.com/luxfi/crypto/ipa/bandersnatch/fr/element.go:1009.4,1012.14 4 1
github.com/luxfi/crypto/ipa/bandersnatch/fr/element.go:1017.3,1019.13 2 1
github.com/luxfi/crypto/ipa/bandersnatch/fr/element.go:1019.13,1033.19 9 1
github.com/luxfi/crypto/ipa/bandersnatch/fr/element.go:1033.19,1041.5 4 1
github.com/luxfi/crypto/ipa/bandersnatch/fr/element.go:1042.9,1056.19 9 1
github.com/luxfi/crypto/ipa/bandersnatch/fr/element.go:1056.19,1064.5 4 1
github.com/luxfi/crypto/ipa/bandersnatch/fr/element.go:1066.3,1066.43 1 1
github.com/luxfi/crypto/ipa/bandersnatch/fr/element.go:1066.43,1069.4 2 1
github.com/luxfi/crypto/ipa/bandersnatch/fr/element.go:1070.3,1070.43 1 1
github.com/luxfi/crypto/ipa/bandersnatch/fr/element.go:1070.43,1073.4 2 1
github.com/luxfi/crypto/ipa/bandersnatch/fr/element_ops_noasm.go:29.25,31.2 1 1
github.com/luxfi/crypto/ipa/bandersnatch/fr/element_ops_noasm.go:34.25,36.2 1 1
github.com/luxfi/crypto/ipa/bandersnatch/fr/element_ops_noasm.go:39.26,41.2 1 1
github.com/luxfi/crypto/ipa/bandersnatch/fr/element_ops_noasm.go:46.31,48.2 1 1
github.com/luxfi/crypto/ipa/bandersnatch/fr/element_ops_noasm.go:50.28,52.2 1 1
github.com/luxfi/crypto/ipa/bandersnatch/fr/element_ops_noasm.go:56.27,58.2 1 1
github.com/luxfi/crypto/ipa/bandersnatch/fr/element_ops_noasm.go:60.28,62.2 1 1
github.com/luxfi/crypto/ipa/bandersnatch/fr/element_ops_noasm.go:64.28,66.2 1 1
github.com/luxfi/crypto/ipa/bandersnatch/fr/element_ops_noasm.go:68.28,70.2 1 1
github.com/luxfi/crypto/ipa/bandersnatch/fr/element_ops_noasm.go:72.25,74.2 1 1
github.com/luxfi/crypto/ipa/bandersnatch/fr/element_ops_noasm.go:76.25,78.2 1 1
github.com/luxfi/crypto/kzg4844/kzg4844.go:45.50,47.2 1 0
github.com/luxfi/crypto/kzg4844/kzg4844.go:50.46,52.2 1 0
github.com/luxfi/crypto/kzg4844/kzg4844.go:58.56,60.2 1 0
github.com/luxfi/crypto/kzg4844/kzg4844.go:63.51,65.2 1 0
github.com/luxfi/crypto/kzg4844/kzg4844.go:71.51,73.2 1 0
github.com/luxfi/crypto/kzg4844/kzg4844.go:76.46,78.2 1 0
github.com/luxfi/crypto/kzg4844/kzg4844.go:92.30,93.27 1 0
github.com/luxfi/crypto/kzg4844/kzg4844.go:93.27,95.3 1 0
github.com/luxfi/crypto/kzg4844/kzg4844.go:96.2,101.9 2 0
github.com/luxfi/crypto/kzg4844/kzg4844.go:101.9,103.3 1 0
github.com/luxfi/crypto/kzg4844/kzg4844.go:103.8,105.3 1 0
github.com/luxfi/crypto/kzg4844/kzg4844.go:106.2,106.12 1 0
github.com/luxfi/crypto/kzg4844/kzg4844.go:110.55,111.20 1 1
github.com/luxfi/crypto/kzg4844/kzg4844.go:111.20,113.3 1 0
github.com/luxfi/crypto/kzg4844/kzg4844.go:114.2,114.36 1 1
github.com/luxfi/crypto/kzg4844/kzg4844.go:119.66,120.20 1 1
github.com/luxfi/crypto/kzg4844/kzg4844.go:120.20,122.3 1 0
github.com/luxfi/crypto/kzg4844/kzg4844.go:123.2,123.39 1 1
github.com/luxfi/crypto/kzg4844/kzg4844.go:128.86,129.20 1 1
github.com/luxfi/crypto/kzg4844/kzg4844.go:129.20,131.3 1 0
github.com/luxfi/crypto/kzg4844/kzg4844.go:132.2,132.58 1 1
github.com/luxfi/crypto/kzg4844/kzg4844.go:139.73,140.20 1 1
github.com/luxfi/crypto/kzg4844/kzg4844.go:140.20,142.3 1 0
github.com/luxfi/crypto/kzg4844/kzg4844.go:143.2,143.48 1 1
github.com/luxfi/crypto/kzg4844/kzg4844.go:147.76,148.20 1 1
github.com/luxfi/crypto/kzg4844/kzg4844.go:148.20,150.3 1 0
github.com/luxfi/crypto/kzg4844/kzg4844.go:151.2,151.54 1 1
github.com/luxfi/crypto/kzg4844/kzg4844.go:157.85,158.20 1 1
github.com/luxfi/crypto/kzg4844/kzg4844.go:158.20,160.3 1 0
github.com/luxfi/crypto/kzg4844/kzg4844.go:161.2,161.62 1 1
github.com/luxfi/crypto/kzg4844/kzg4844.go:168.53,169.20 1 1
github.com/luxfi/crypto/kzg4844/kzg4844.go:169.20,171.3 1 0
github.com/luxfi/crypto/kzg4844/kzg4844.go:172.2,172.37 1 1
github.com/luxfi/crypto/kzg4844/kzg4844.go:177.73,178.25 1 0
github.com/luxfi/crypto/kzg4844/kzg4844.go:178.25,179.27 1 0
github.com/luxfi/crypto/kzg4844/kzg4844.go:181.2,185.11 5 0
github.com/luxfi/crypto/kzg4844/kzg4844.go:189.42,191.2 1 0
github.com/luxfi/crypto/kzg4844/kzg4844_ckzg_nocgo.go:30.17,31.31 1 0
github.com/luxfi/crypto/kzg4844/kzg4844_ckzg_nocgo.go:35.59,36.31 1 0
github.com/luxfi/crypto/kzg4844/kzg4844_ckzg_nocgo.go:41.70,42.31 1 0
github.com/luxfi/crypto/kzg4844/kzg4844_ckzg_nocgo.go:47.90,48.31 1 0
github.com/luxfi/crypto/kzg4844/kzg4844_ckzg_nocgo.go:55.77,56.31 1 0
github.com/luxfi/crypto/kzg4844/kzg4844_ckzg_nocgo.go:60.80,61.31 1 0
github.com/luxfi/crypto/kzg4844/kzg4844_ckzg_nocgo.go:65.92,66.31 1 0
github.com/luxfi/crypto/kzg4844/kzg4844_ckzg_nocgo.go:73.57,74.31 1 0
github.com/luxfi/crypto/kzg4844/kzg4844_gokzg.go:33.18,35.16 2 1
github.com/luxfi/crypto/kzg4844/kzg4844_gokzg.go:35.16,36.13 1 0
github.com/luxfi/crypto/kzg4844/kzg4844_gokzg.go:38.2,39.54 2 1
github.com/luxfi/crypto/kzg4844/kzg4844_gokzg.go:39.54,40.13 1 0
github.com/luxfi/crypto/kzg4844/kzg4844_gokzg.go:42.2,43.16 2 1
github.com/luxfi/crypto/kzg4844/kzg4844_gokzg.go:43.16,44.13 1 0
github.com/luxfi/crypto/kzg4844/kzg4844_gokzg.go:49.60,53.16 3 1
github.com/luxfi/crypto/kzg4844/kzg4844_gokzg.go:53.16,55.3 1 0
github.com/luxfi/crypto/kzg4844/kzg4844_gokzg.go:56.2,56.38 1 1
github.com/luxfi/crypto/kzg4844/kzg4844_gokzg.go:61.71,65.16 3 1
github.com/luxfi/crypto/kzg4844/kzg4844_gokzg.go:65.16,67.3 1 0
github.com/luxfi/crypto/kzg4844/kzg4844_gokzg.go:68.2,68.44 1 1
github.com/luxfi/crypto/kzg4844/kzg4844_gokzg.go:73.91,77.2 2 1
github.com/luxfi/crypto/kzg4844/kzg4844_gokzg.go:83.78,87.16 3 1
github.com/luxfi/crypto/kzg4844/kzg4844_gokzg.go:87.16,89.3 1 0
github.com/luxfi/crypto/kzg4844/kzg4844_gokzg.go:90.2,90.28 1 1
github.com/luxfi/crypto/kzg4844/kzg4844_gokzg.go:94.81,98.2 2 1
github.com/luxfi/crypto/kzg4844/kzg4844_gokzg.go:104.58,108.16 3 1
github.com/luxfi/crypto/kzg4844/kzg4844_gokzg.go:108.16,110.3 1 0
github.com/luxfi/crypto/kzg4844/kzg4844_gokzg.go:111.2,112.31 2 1
github.com/luxfi/crypto/kzg4844/kzg4844_gokzg.go:112.31,114.3 1 1
github.com/luxfi/crypto/kzg4844/kzg4844_gokzg.go:115.2,115.15 1 1
github.com/luxfi/crypto/kzg4844/kzg4844_gokzg.go:119.98,129.35 3 1
github.com/luxfi/crypto/kzg4844/kzg4844_gokzg.go:129.35,131.3 1 1
github.com/luxfi/crypto/kzg4844/kzg4844_gokzg.go:133.2,133.41 1 1
github.com/luxfi/crypto/kzg4844/kzg4844_gokzg.go:133.41,134.39 1 1
github.com/luxfi/crypto/kzg4844/kzg4844_gokzg.go:134.39,136.4 1 1
github.com/luxfi/crypto/kzg4844/kzg4844_gokzg.go:139.2,139.23 1 1
github.com/luxfi/crypto/kzg4844/kzg4844_gokzg.go:139.23,141.17 2 1
github.com/luxfi/crypto/kzg4844/kzg4844_gokzg.go:141.17,143.4 1 0
github.com/luxfi/crypto/kzg4844/kzg4844_gokzg.go:144.3,145.32 2 1
github.com/luxfi/crypto/kzg4844/kzg4844_gokzg.go:145.32,147.4 1 1
github.com/luxfi/crypto/kzg4844/kzg4844_gokzg.go:149.2,149.80 1 1
github.com/luxfi/crypto/ipa/ipa/barycentric.go:25.50,35.40 3 1
github.com/luxfi/crypto/ipa/ipa/barycentric.go:35.40,43.3 5 1
github.com/luxfi/crypto/ipa/ipa/barycentric.go:47.2,49.42 3 1
github.com/luxfi/crypto/ipa/ipa/barycentric.go:49.42,60.3 8 1
github.com/luxfi/crypto/ipa/ipa/barycentric.go:62.2,65.3 1 1
github.com/luxfi/crypto/ipa/ipa/barycentric.go:72.68,74.26 1 1
github.com/luxfi/crypto/ipa/ipa/barycentric.go:74.26,75.80 1 0
github.com/luxfi/crypto/ipa/ipa/barycentric.go:78.2,83.42 4 1
github.com/luxfi/crypto/ipa/ipa/barycentric.go:83.42,84.19 1 1
github.com/luxfi/crypto/ipa/ipa/barycentric.go:84.19,85.12 1 1
github.com/luxfi/crypto/ipa/ipa/barycentric.go:88.3,94.26 5 1
github.com/luxfi/crypto/ipa/ipa/barycentric.go:97.2,97.14 1 1
github.com/luxfi/crypto/ipa/ipa/barycentric.go:105.98,108.42 2 1
github.com/luxfi/crypto/ipa/ipa/barycentric.go:108.42,115.3 5 1
github.com/luxfi/crypto/ipa/ipa/barycentric.go:117.2,118.42 2 1
github.com/luxfi/crypto/ipa/ipa/barycentric.go:118.42,125.3 5 1
github.com/luxfi/crypto/ipa/ipa/barycentric.go:127.2,128.42 2 1
github.com/luxfi/crypto/ipa/ipa/barycentric.go:128.42,130.3 1 1
github.com/luxfi/crypto/ipa/ipa/barycentric.go:132.2,132.22 1 1
github.com/luxfi/crypto/ipa/ipa/barycentric.go:136.93,141.34 3 1
github.com/luxfi/crypto/ipa/ipa/barycentric.go:141.34,142.22 1 1
github.com/luxfi/crypto/ipa/ipa/barycentric.go:142.22,156.4 9 1
github.com/luxfi/crypto/ipa/ipa/barycentric.go:159.2,159.17 1 1
github.com/luxfi/crypto/ipa/ipa/barycentric.go:162.92,165.12 2 1
github.com/luxfi/crypto/ipa/ipa/barycentric.go:165.12,168.3 2 1
github.com/luxfi/crypto/ipa/ipa/barycentric.go:170.2,170.38 1 1
github.com/luxfi/crypto/ipa/ipa/barycentric.go:173.97,182.2 6 1
github.com/luxfi/crypto/ipa/ipa/barycentric.go:184.82,188.2 2 1
github.com/luxfi/crypto/ipa/ipa/barycentric.go:192.32,195.17 2 1
github.com/luxfi/crypto/ipa/ipa/barycentric.go:195.17,197.3 1 1
github.com/luxfi/crypto/ipa/ipa/barycentric.go:199.2,199.23 1 1
github.com/luxfi/crypto/ipa/ipa/config.go:33.43,36.16 3 1
github.com/luxfi/crypto/ipa/ipa/config.go:36.16,38.3 1 0
github.com/luxfi/crypto/ipa/ipa/config.go:39.2,45.8 1 1
github.com/luxfi/crypto/ipa/ipa/config.go:49.99,54.16 4 1
github.com/luxfi/crypto/ipa/ipa/config.go:54.16,56.3 1 0
github.com/luxfi/crypto/ipa/ipa/config.go:58.2,58.18 1 1
github.com/luxfi/crypto/ipa/ipa/config.go:63.74,65.2 1 1
github.com/luxfi/crypto/ipa/ipa/config.go:68.104,69.43 1 1
github.com/luxfi/crypto/ipa/ipa/config.go:69.43,71.3 1 0
github.com/luxfi/crypto/ipa/ipa/config.go:72.2,72.47 1 1
github.com/luxfi/crypto/ipa/ipa/config.go:76.68,77.22 1 1
github.com/luxfi/crypto/ipa/ipa/config.go:77.22,79.3 1 0
github.com/luxfi/crypto/ipa/ipa/config.go:81.2,82.30 2 1
github.com/luxfi/crypto/ipa/ipa/config.go:82.30,87.3 3 1
github.com/luxfi/crypto/ipa/ipa/config.go:89.2,89.20 1 1
github.com/luxfi/crypto/ipa/ipa/config.go:94.86,95.22 1 1
github.com/luxfi/crypto/ipa/ipa/config.go:95.22,97.3 1 0
github.com/luxfi/crypto/ipa/ipa/config.go:98.2,99.30 2 1
github.com/luxfi/crypto/ipa/ipa/config.go:99.30,103.3 3 1
github.com/luxfi/crypto/ipa/ipa/config.go:105.2,105.20 1 1
github.com/luxfi/crypto/ipa/ipa/config.go:110.112,111.22 1 1
github.com/luxfi/crypto/ipa/ipa/config.go:111.22,113.3 1 0
github.com/luxfi/crypto/ipa/ipa/config.go:115.2,116.30 2 1
github.com/luxfi/crypto/ipa/ipa/config.go:116.30,120.3 3 1
github.com/luxfi/crypto/ipa/ipa/config.go:121.2,121.20 1 1
github.com/luxfi/crypto/ipa/ipa/config.go:126.71,127.19 1 1
github.com/luxfi/crypto/ipa/ipa/config.go:127.19,129.3 1 0
github.com/luxfi/crypto/ipa/ipa/config.go:131.2,132.30 2 1
github.com/luxfi/crypto/ipa/ipa/config.go:137.97,138.19 1 1
github.com/luxfi/crypto/ipa/ipa/config.go:138.19,140.3 1 0
github.com/luxfi/crypto/ipa/ipa/config.go:141.2,143.30 2 1
github.com/luxfi/crypto/ipa/ipa/config.go:153.49,156.21 1 1
github.com/luxfi/crypto/ipa/ipa/config.go:156.21,157.37 1 0
github.com/luxfi/crypto/ipa/ipa/config.go:161.2,163.13 2 1
github.com/luxfi/crypto/ipa/ipa/config.go:163.13,164.55 1 0
github.com/luxfi/crypto/ipa/ipa/config.go:167.2,169.20 2 1
github.com/luxfi/crypto/ipa/ipa/config.go:174.67,181.39 4 1
github.com/luxfi/crypto/ipa/ipa/config.go:181.39,200.17 13 1
github.com/luxfi/crypto/ipa/ipa/config.go:200.17,202.12 1 1
github.com/luxfi/crypto/ipa/ipa/config.go:204.3,204.39 1 1
github.com/luxfi/crypto/ipa/ipa/config.go:208.2,208.15 1 1
github.com/luxfi/crypto/ipa/ipa/prover.go:16.13,18.2 1 1
github.com/luxfi/crypto/ipa/ipa/prover.go:58.155,64.16 4 1
github.com/luxfi/crypto/ipa/ipa/prover.go:64.16,66.3 1 0
github.com/luxfi/crypto/ipa/ipa/prover.go:68.2,83.39 11 1
github.com/luxfi/crypto/ipa/ipa/prover.go:83.39,86.17 2 1
github.com/luxfi/crypto/ipa/ipa/prover.go:86.17,88.4 1 0
github.com/luxfi/crypto/ipa/ipa/prover.go:90.3,91.17 2 1
github.com/luxfi/crypto/ipa/ipa/prover.go:91.17,93.4 1 0
github.com/luxfi/crypto/ipa/ipa/prover.go:95.3,96.17 2 1
github.com/luxfi/crypto/ipa/ipa/prover.go:96.17,98.4 1 0
github.com/luxfi/crypto/ipa/ipa/prover.go:100.3,101.17 2 1
github.com/luxfi/crypto/ipa/ipa/prover.go:101.17,103.4 1 0
github.com/luxfi/crypto/ipa/ipa/prover.go:104.3,105.17 2 1
github.com/luxfi/crypto/ipa/ipa/prover.go:105.17,107.4 1 0
github.com/luxfi/crypto/ipa/ipa/prover.go:109.3,110.17 2 1
github.com/luxfi/crypto/ipa/ipa/prover.go:110.17,112.4 1 0
github.com/luxfi/crypto/ipa/ipa/prover.go:113.3,114.17 2 1
github.com/luxfi/crypto/ipa/ipa/prover.go:114.17,116.4 1 0
github.com/luxfi/crypto/ipa/ipa/prover.go:118.3,119.17 2 1
github.com/luxfi/crypto/ipa/ipa/prover.go:119.17,121.4 1 0
github.com/luxfi/crypto/ipa/ipa/prover.go:122.3,123.17 2 1
github.com/luxfi/crypto/ipa/ipa/prover.go:123.17,125.4 1 0
github.com/luxfi/crypto/ipa/ipa/prover.go:127.3,139.17 9 1
github.com/luxfi/crypto/ipa/ipa/prover.go:139.17,141.4 1 0
github.com/luxfi/crypto/ipa/ipa/prover.go:142.3,143.17 2 1
github.com/luxfi/crypto/ipa/ipa/prover.go:143.17,145.4 1 0
github.com/luxfi/crypto/ipa/ipa/prover.go:147.3,148.17 2 1
github.com/luxfi/crypto/ipa/ipa/prover.go:148.17,150.4 1 0
github.com/luxfi/crypto/ipa/ipa/prover.go:154.2,154.17 1 1
github.com/luxfi/crypto/ipa/ipa/prover.go:154.17,156.3 1 0
github.com/luxfi/crypto/ipa/ipa/prover.go:158.2,162.8 1 1
github.com/luxfi/crypto/ipa/ipa/prover.go:166.46,167.26 1 1
github.com/luxfi/crypto/ipa/ipa/prover.go:167.26,168.71 1 1
github.com/luxfi/crypto/ipa/ipa/prover.go:168.71,170.4 1 0
github.com/luxfi/crypto/ipa/ipa/prover.go:172.2,172.26 1 1
github.com/luxfi/crypto/ipa/ipa/prover.go:172.26,173.71 1 1
github.com/luxfi/crypto/ipa/ipa/prover.go:173.71,175.4 1 0
github.com/luxfi/crypto/ipa/ipa/prover.go:177.2,177.81 1 1
github.com/luxfi/crypto/ipa/ipa/prover.go:177.81,179.3 1 0
github.com/luxfi/crypto/ipa/ipa/prover.go:180.2,180.12 1 1
github.com/luxfi/crypto/ipa/ipa/prover.go:184.45,186.25 2 1
github.com/luxfi/crypto/ipa/ipa/prover.go:186.25,188.17 2 1
github.com/luxfi/crypto/ipa/ipa/prover.go:188.17,190.4 1 0
github.com/luxfi/crypto/ipa/ipa/prover.go:191.3,191.22 1 1
github.com/luxfi/crypto/ipa/ipa/prover.go:193.2,195.25 3 1
github.com/luxfi/crypto/ipa/ipa/prover.go:195.25,197.17 2 1
github.com/luxfi/crypto/ipa/ipa/prover.go:197.17,199.4 1 0
github.com/luxfi/crypto/ipa/ipa/prover.go:200.3,200.22 1 1
github.com/luxfi/crypto/ipa/ipa/prover.go:202.2,205.16 3 1
github.com/luxfi/crypto/ipa/ipa/prover.go:205.16,207.3 1 0
github.com/luxfi/crypto/ipa/ipa/prover.go:208.2,210.12 2 1
github.com/luxfi/crypto/ipa/ipa/prover.go:214.47,216.31 2 1
github.com/luxfi/crypto/ipa/ipa/prover.go:216.31,218.3 1 0
github.com/luxfi/crypto/ipa/ipa/prover.go:219.2,219.31 1 1
github.com/luxfi/crypto/ipa/ipa/prover.go:219.31,221.3 1 0
github.com/luxfi/crypto/ipa/ipa/prover.go:222.2,222.28 1 1
github.com/luxfi/crypto/ipa/ipa/prover.go:222.28,224.3 1 0
github.com/luxfi/crypto/ipa/ipa/prover.go:225.2,225.29 1 1
github.com/luxfi/crypto/ipa/ipa/prover.go:225.29,227.3 1 0
github.com/luxfi/crypto/ipa/ipa/prover.go:229.2,229.34 1 1
github.com/luxfi/crypto/ipa/ipa/prover.go:229.34,236.34 5 1
github.com/luxfi/crypto/ipa/ipa/prover.go:236.34,238.4 1 0
github.com/luxfi/crypto/ipa/ipa/prover.go:239.3,239.34 1 1
github.com/luxfi/crypto/ipa/ipa/prover.go:239.34,241.4 1 0
github.com/luxfi/crypto/ipa/ipa/prover.go:243.2,243.43 1 1
github.com/luxfi/crypto/ipa/ipa/prover.go:246.71,247.50 1 1
github.com/luxfi/crypto/ipa/ipa/prover.go:247.50,249.3 1 1
github.com/luxfi/crypto/ipa/ipa/prover.go:253.2,259.10 5 1
github.com/luxfi/crypto/ipa/ipa/verifier.go:14.169,17.34 2 1
github.com/luxfi/crypto/ipa/ipa/verifier.go:17.34,19.3 1 0
github.com/luxfi/crypto/ipa/ipa/verifier.go:20.2,20.39 1 1
github.com/luxfi/crypto/ipa/ipa/verifier.go:20.39,22.3 1 0
github.com/luxfi/crypto/ipa/ipa/verifier.go:24.2,45.39 14 1
github.com/luxfi/crypto/ipa/ipa/verifier.go:45.39,51.17 5 1
github.com/luxfi/crypto/ipa/ipa/verifier.go:51.17,53.4 1 0
github.com/luxfi/crypto/ipa/ipa/verifier.go:56.2,60.30 3 1
github.com/luxfi/crypto/ipa/ipa/verifier.go:60.30,63.73 2 1
github.com/luxfi/crypto/ipa/ipa/verifier.go:63.73,64.35 1 1
github.com/luxfi/crypto/ipa/ipa/verifier.go:64.35,66.5 1 1
github.com/luxfi/crypto/ipa/ipa/verifier.go:68.3,68.29 1 1
github.com/luxfi/crypto/ipa/ipa/verifier.go:70.2,71.16 2 1
github.com/luxfi/crypto/ipa/ipa/verifier.go:71.16,73.3 1 0
github.com/luxfi/crypto/ipa/ipa/verifier.go:74.2,75.16 2 1
github.com/luxfi/crypto/ipa/ipa/verifier.go:75.16,77.3 1 0
github.com/luxfi/crypto/ipa/ipa/verifier.go:79.2,92.36 9 1
github.com/luxfi/crypto/ipa/ipa/verifier.go:95.86,98.36 2 1
github.com/luxfi/crypto/ipa/ipa/verifier.go:98.36,102.3 3 1
github.com/luxfi/crypto/ipa/ipa/verifier.go:103.2,103.19 1 1
