mode: atomic
github.com/luxfi/crypto/mldsa/mldsa.go:54.66,57.14 2 43
github.com/luxfi/crypto/mldsa/mldsa.go:58.15,60.38 2 16
github.com/luxfi/crypto/mldsa/mldsa.go:61.15,63.38 2 13
github.com/luxfi/crypto/mldsa/mldsa.go:64.15,66.38 2 13
github.com/luxfi/crypto/mldsa/mldsa.go:67.10,68.48 1 1
github.com/luxfi/crypto/mldsa/mldsa.go:72.2,72.17 1 42
github.com/luxfi/crypto/mldsa/mldsa.go:72.17,74.3 1 3
github.com/luxfi/crypto/mldsa/mldsa.go:77.2,78.56 2 39
github.com/luxfi/crypto/mldsa/mldsa.go:78.56,80.3 1 0
github.com/luxfi/crypto/mldsa/mldsa.go:84.2,91.38 6 39
github.com/luxfi/crypto/mldsa/mldsa.go:91.38,97.23 6 2319
github.com/luxfi/crypto/mldsa/mldsa.go:97.23,99.4 1 0
github.com/luxfi/crypto/mldsa/mldsa.go:100.3,100.30 1 2319
github.com/luxfi/crypto/mldsa/mldsa.go:103.2,109.8 1 39
github.com/luxfi/crypto/mldsa/mldsa.go:113.102,114.42 1 51
github.com/luxfi/crypto/mldsa/mldsa.go:114.42,116.3 1 1
github.com/luxfi/crypto/mldsa/mldsa.go:118.2,120.29 2 50
github.com/luxfi/crypto/mldsa/mldsa.go:121.15,122.33 1 24
github.com/luxfi/crypto/mldsa/mldsa.go:123.15,124.33 1 13
github.com/luxfi/crypto/mldsa/mldsa.go:125.15,126.33 1 13
github.com/luxfi/crypto/mldsa/mldsa.go:127.10,128.48 1 0
github.com/luxfi/crypto/mldsa/mldsa.go:133.2,148.47 11 50
github.com/luxfi/crypto/mldsa/mldsa.go:148.47,150.20 2 4985
github.com/luxfi/crypto/mldsa/mldsa.go:150.20,152.4 1 50
github.com/luxfi/crypto/mldsa/mldsa.go:153.3,155.24 3 4985
github.com/luxfi/crypto/mldsa/mldsa.go:158.2,158.23 1 50
github.com/luxfi/crypto/mldsa/mldsa.go:162.86,163.16 1 95
github.com/luxfi/crypto/mldsa/mldsa.go:163.16,165.3 1 1
github.com/luxfi/crypto/mldsa/mldsa.go:167.2,169.18 2 94
github.com/luxfi/crypto/mldsa/mldsa.go:170.15,171.41 1 46
github.com/luxfi/crypto/mldsa/mldsa.go:172.15,173.41 1 24
github.com/luxfi/crypto/mldsa/mldsa.go:174.15,175.41 1 24
github.com/luxfi/crypto/mldsa/mldsa.go:176.10,177.15 1 0
github.com/luxfi/crypto/mldsa/mldsa.go:181.2,181.39 1 94
github.com/luxfi/crypto/mldsa/mldsa.go:181.39,183.3 1 2
github.com/luxfi/crypto/mldsa/mldsa.go:187.2,194.25 5 92
github.com/luxfi/crypto/mldsa/mldsa.go:194.25,196.3 1 0
github.com/luxfi/crypto/mldsa/mldsa.go:199.2,199.26 1 92
github.com/luxfi/crypto/mldsa/mldsa.go:199.26,200.42 1 2479
github.com/luxfi/crypto/mldsa/mldsa.go:200.42,202.4 1 15
github.com/luxfi/crypto/mldsa/mldsa.go:205.2,205.13 1 77
github.com/luxfi/crypto/mldsa/mldsa.go:209.31,210.11 1 24
github.com/luxfi/crypto/mldsa/mldsa.go:211.15,212.21 1 8
github.com/luxfi/crypto/mldsa/mldsa.go:213.15,214.21 1 8
github.com/luxfi/crypto/mldsa/mldsa.go:215.15,216.21 1 8
github.com/luxfi/crypto/mldsa/mldsa.go:217.10,218.19 1 0
github.com/luxfi/crypto/mldsa/mldsa.go:223.43,228.2 1 1
github.com/luxfi/crypto/mldsa/mldsa.go:231.41,236.2 1 2
github.com/luxfi/crypto/mldsa/mldsa.go:239.45,240.49 1 1
github.com/luxfi/crypto/mldsa/mldsa.go:240.49,242.3 1 0
github.com/luxfi/crypto/mldsa/mldsa.go:243.2,243.21 1 1
github.com/luxfi/crypto/mldsa/mldsa.go:247.44,248.49 1 1
github.com/luxfi/crypto/mldsa/mldsa.go:248.49,250.3 1 0
github.com/luxfi/crypto/mldsa/mldsa.go:251.2,251.21 1 1
github.com/luxfi/crypto/mldsa/mldsa.go:255.46,259.2 1 3
github.com/luxfi/crypto/mldsa/mldsa.go:261.39,262.14 1 5
github.com/luxfi/crypto/mldsa/mldsa.go:263.15,264.31 1 2
github.com/luxfi/crypto/mldsa/mldsa.go:265.15,266.31 1 1
github.com/luxfi/crypto/mldsa/mldsa.go:267.15,268.31 1 1
github.com/luxfi/crypto/mldsa/mldsa.go:269.10,270.11 1 1
github.com/luxfi/crypto/mldsa/mldsa.go:274.38,275.14 1 6
github.com/luxfi/crypto/mldsa/mldsa.go:276.15,277.30 1 3
github.com/luxfi/crypto/mldsa/mldsa.go:278.15,279.30 1 1
github.com/luxfi/crypto/mldsa/mldsa.go:280.15,281.30 1 1
github.com/luxfi/crypto/mldsa/mldsa.go:282.10,283.11 1 1
github.com/luxfi/crypto/mldsa/mldsa.go:288.38,290.2 1 16
github.com/luxfi/crypto/mldsa/mldsa.go:293.40,295.2 1 16
github.com/luxfi/crypto/mldsa/mldsa.go:298.69,301.14 2 3
github.com/luxfi/crypto/mldsa/mldsa.go:302.15,303.38 1 1
github.com/luxfi/crypto/mldsa/mldsa.go:304.15,305.38 1 1
github.com/luxfi/crypto/mldsa/mldsa.go:306.15,307.38 1 1
github.com/luxfi/crypto/mldsa/mldsa.go:308.10,309.48 1 0
github.com/luxfi/crypto/mldsa/mldsa.go:312.2,312.31 1 3
github.com/luxfi/crypto/mldsa/mldsa.go:312.31,314.3 1 0
github.com/luxfi/crypto/mldsa/mldsa.go:317.2,323.8 3 3
github.com/luxfi/crypto/mldsa/mldsa.go:327.71,330.14 2 3
github.com/luxfi/crypto/mldsa/mldsa.go:331.15,333.41 2 1
github.com/luxfi/crypto/mldsa/mldsa.go:334.15,336.41 2 1
github.com/luxfi/crypto/mldsa/mldsa.go:337.15,339.41 2 1
github.com/luxfi/crypto/mldsa/mldsa.go:340.10,341.48 1 0
github.com/luxfi/crypto/mldsa/mldsa.go:344.2,344.35 1 3
github.com/luxfi/crypto/mldsa/mldsa.go:344.35,346.3 1 0
github.com/luxfi/crypto/mldsa/mldsa.go:349.2,360.43 8 3
github.com/luxfi/crypto/mldsa/mldsa.go:360.43,366.28 6 183
github.com/luxfi/crypto/mldsa/mldsa.go:366.28,368.4 1 0
github.com/luxfi/crypto/mldsa/mldsa.go:369.3,369.29 1 183
github.com/luxfi/crypto/mldsa/mldsa.go:372.2,378.8 1 3
github.com/luxfi/crypto/mldsa/mldsa_optimized.go:14.26,16.3 1 2
github.com/luxfi/crypto/mldsa/mldsa_optimized.go:21.26,23.3 1 1
github.com/luxfi/crypto/mldsa/mldsa_optimized.go:27.42,29.21 2 6
github.com/luxfi/crypto/mldsa/mldsa_optimized.go:29.21,31.3 1 1
github.com/luxfi/crypto/mldsa/mldsa_optimized.go:32.2,32.19 1 5
github.com/luxfi/crypto/mldsa/mldsa_optimized.go:36.37,37.38 1 6
github.com/luxfi/crypto/mldsa/mldsa_optimized.go:37.38,39.3 1 5
github.com/luxfi/crypto/mldsa/mldsa_optimized.go:43.75,46.14 2 7
github.com/luxfi/crypto/mldsa/mldsa_optimized.go:47.15,49.38 2 2
github.com/luxfi/crypto/mldsa/mldsa_optimized.go:50.15,52.38 2 2
github.com/luxfi/crypto/mldsa/mldsa_optimized.go:53.15,55.38 2 2
github.com/luxfi/crypto/mldsa/mldsa_optimized.go:56.10,57.48 1 1
github.com/luxfi/crypto/mldsa/mldsa_optimized.go:61.2,61.17 1 6
github.com/luxfi/crypto/mldsa/mldsa_optimized.go:61.17,63.3 1 3
github.com/luxfi/crypto/mldsa/mldsa_optimized.go:66.2,70.56 4 3
github.com/luxfi/crypto/mldsa/mldsa_optimized.go:70.56,72.3 1 0
github.com/luxfi/crypto/mldsa/mldsa_optimized.go:75.2,84.8 3 3
github.com/luxfi/crypto/mldsa/mldsa_optimized.go:88.59,96.29 6 3
github.com/luxfi/crypto/mldsa/mldsa_optimized.go:96.29,98.22 2 183
github.com/luxfi/crypto/mldsa/mldsa_optimized.go:98.22,101.4 2 183
github.com/luxfi/crypto/mldsa/mldsa_optimized.go:101.9,103.9 2 0
github.com/luxfi/crypto/mldsa/mldsa_optimized.go:106.3,106.20 1 183
github.com/luxfi/crypto/mldsa/mldsa_optimized.go:106.20,111.4 4 180
github.com/luxfi/crypto/mldsa/mldsa_optimized.go:116.111,119.29 2 3
github.com/luxfi/crypto/mldsa/mldsa_optimized.go:120.15,121.33 1 1
github.com/luxfi/crypto/mldsa/mldsa_optimized.go:122.15,123.33 1 1
github.com/luxfi/crypto/mldsa/mldsa_optimized.go:124.15,125.33 1 1
github.com/luxfi/crypto/mldsa/mldsa_optimized.go:126.10,127.48 1 0
github.com/luxfi/crypto/mldsa/mldsa_optimized.go:131.2,152.36 14 3
github.com/luxfi/crypto/mldsa/mldsa_optimized.go:152.36,154.20 2 320
github.com/luxfi/crypto/mldsa/mldsa_optimized.go:154.20,156.4 1 3
github.com/luxfi/crypto/mldsa/mldsa_optimized.go:157.3,158.20 2 320
github.com/luxfi/crypto/mldsa/mldsa_optimized.go:158.20,163.4 4 317
github.com/luxfi/crypto/mldsa/mldsa_optimized.go:167.2,169.20 3 3
github.com/luxfi/crypto/mldsa/mldsa_optimized.go:180.61,182.22 2 3
github.com/luxfi/crypto/mldsa/mldsa_optimized.go:182.22,184.17 2 15
github.com/luxfi/crypto/mldsa/mldsa_optimized.go:184.17,186.4 1 0
github.com/luxfi/crypto/mldsa/mldsa_optimized.go:187.3,187.16 1 15
github.com/luxfi/crypto/mldsa/mldsa_optimized.go:190.2,193.8 1 3
github.com/luxfi/crypto/mldsa/mldsa_optimized.go:197.67,198.34 1 6
github.com/luxfi/crypto/mldsa/mldsa_optimized.go:198.34,200.3 1 3
github.com/luxfi/crypto/mldsa/mldsa_optimized.go:202.2,207.26 4 3
github.com/luxfi/crypto/mldsa/mldsa_optimized.go:207.26,209.20 2 15
github.com/luxfi/crypto/mldsa/mldsa_optimized.go:209.20,212.18 3 15
github.com/luxfi/crypto/mldsa/mldsa_optimized.go:212.18,215.5 2 0
github.com/luxfi/crypto/mldsa/mldsa_optimized.go:216.4,216.25 1 15
github.com/luxfi/crypto/mldsa/mldsa_optimized.go:220.2,223.29 2 3
github.com/luxfi/crypto/mldsa/mldsa_optimized.go:223.29,224.17 1 15
github.com/luxfi/crypto/mldsa/mldsa_optimized.go:224.17,226.4 1 0
github.com/luxfi/crypto/mldsa/mldsa_optimized.go:229.2,229.24 1 3
github.com/luxfi/crypto/mldsa/mldsa_optimized.go:233.88,234.70 1 9
github.com/luxfi/crypto/mldsa/mldsa_optimized.go:234.70,236.3 1 3
github.com/luxfi/crypto/mldsa/mldsa_optimized.go:238.2,242.26 3 6
github.com/luxfi/crypto/mldsa/mldsa_optimized.go:242.26,244.20 2 30
github.com/luxfi/crypto/mldsa/mldsa_optimized.go:244.20,247.4 2 30
github.com/luxfi/crypto/mldsa/mldsa_optimized.go:250.2,252.21 2 6
github.com/luxfi/crypto/mldsa/mldsa_optimized.go:264.65,270.2 1 3
github.com/luxfi/crypto/mldsa/mldsa_optimized.go:273.71,281.42 5 9
github.com/luxfi/crypto/mldsa/mldsa_optimized.go:281.42,284.3 2 3
github.com/luxfi/crypto/mldsa/mldsa_optimized.go:285.2,289.16 3 6
github.com/luxfi/crypto/mldsa/mldsa_optimized.go:289.16,291.3 1 0
github.com/luxfi/crypto/mldsa/mldsa_optimized.go:293.2,297.17 4 6
